#
# A fatal error has been detected by the Java Runtime Environment:
#
#  SIGBUS (0xa) at pc=0x000000010dac54e4, pid=40630, tid=4099
#
# JRE version: Java(TM) SE Runtime Environment (17.0.7+8) (build 17.0.7+8-LTS-224)
# Java VM: Java HotSpot(TM) 64-Bit Server VM (17.0.7+8-LTS-224, mixed mode, emulated-client, sharing, tiered, compressed oops, compressed class ptrs, g1 gc, bsd-aarch64)
# Problematic frame:
# v  ~StubRoutines::SafeFetch32
#
# No core dump will be written. Core dumps have been disabled. To enable core dumping, try "ulimit -c unlimited" before starting Java again
#
# JFR recording file will be written. Location: /Users/yerong/study/spring/jpashop/hs_err_pid40630.jfr
#
# If you would like to submit a bug report, please visit:
#   https://bugreport.java.com/bugreport/crash.jsp
#

---------------  S U M M A R Y ------------

Command Line: -XX:TieredStopAtLevel=1 -Dspring.output.ansi.enabled=always -Dcom.sun.management.jmxremote -Dspring.jmx.enabled=true -Dspring.liveBeansView.mbeanDomain -Dspring.application.admin.enabled=true -Dmanagement.endpoints.jmx.exposure.include=* -javaagent:/Applications/IntelliJ IDEA.app/Contents/lib/idea_rt.jar=51895:/Applications/IntelliJ IDEA.app/Contents/bin -agentpath:/private/var/folders/mm/b0d0bdss4mb5lpjs6tg1cwf00000gn/T/libasyncProfiler.so=start,jfr,event=cpu,interval=10ms,jfrsync=profile,cstack=no,file=/Users/yerong/IdeaSnapshots/JpashopApplication_2023_08_21_152515.jfr,log=/private/var/folders/mm/b0d0bdss4mb5lpjs6tg1cwf00000gn/T/JpashopApplication_2023_08_21_152515.jfr.log.txt,logLevel=DEBUG -Dfile.encoding=UTF-8 jpabook.jpashop.JpashopApplication

Host: "MacBookAir10,1" arm64 1 MHz, 8 cores, 8G, Darwin 22.3.0, macOS 13.2.1 (22D68)
Time: Mon Aug 21 15:25:17 2023 KST elapsed time: 1.737573 seconds (0d 0h 0m 1s)

---------------  T H R E A D  ---------------

Current thread (0x00000001408e7800):  JavaThread "main" [_thread_in_Java, id=4099, stack(0x000000016bae4000,0x000000016bce7000)]

Stack: [0x000000016bae4000,0x000000016bce7000],  sp=0x000000016bce36e0,  free space=2045k
Native frames: (J=compiled Java code, j=interpreted, Vv=VM code, C=native code)
v  ~StubRoutines::SafeFetch32
V  [libjvm.dylib+0x7ae654]  os::is_readable_range(void const*, void const*)+0x2c
V  [libjvm.dylib+0x75eed0]  Method::is_valid_method(Method const*)+0x38
V  [libjvm.dylib+0x35793c]  frame::is_interpreted_frame_valid(JavaThread*) const+0x7c
V  [libjvm.dylib+0x357818]  frame::safe_for_sender(JavaThread*)+0x4ec
V  [libjvm.dylib+0x925418]  JavaThread::pd_get_top_frame(frame*, void*, bool)+0x200
V  [libjvm.dylib+0x3546c0]  AsyncGetCallTrace+0x198
C  [libasyncProfiler.so+0x3ac54]  Profiler::getJavaTraceAsync(void*, ASGCT_CallFrame*, int, StackContext*)+0x15c
C  [libasyncProfiler.so+0x3bd04]  Profiler::recordSampleForThread(int, void*, unsigned long long, int, Event*, int*)+0x1c4
C  [libasyncProfiler.so+0x4a03c]  WallClock::signalHandler(int, __siginfo*, void*)+0xa8
C  [libsystem_platform.dylib+0x42a4]  _sigtramp+0x38
C  0x232080010dac9c60
j  java.lang.invoke.LambdaForm$Name.<init>(Ljava/lang/invoke/LambdaForm$NamedFunction;[Ljava/lang/Object;)V+3 java.base@17.0.7
j  java.lang.invoke.DirectMethodHandle.makePreparedLambdaForm(Ljava/lang/invoke/MethodType;I)Ljava/lang/invoke/LambdaForm;+565 java.base@17.0.7
j  java.lang.invoke.DirectMethodHandle.preparedLambdaForm(Ljava/lang/invoke/MethodType;I)Ljava/lang/invoke/LambdaForm;+17 java.base@17.0.7
j  java.lang.invoke.DirectMethodHandle.preparedLambdaForm(Ljava/lang/invoke/MemberName;Z)Ljava/lang/invoke/LambdaForm;+159 java.base@17.0.7
j  java.lang.invoke.DirectMethodHandle.preparedLambdaForm(Ljava/lang/invoke/MemberName;)Ljava/lang/invoke/LambdaForm;+2 java.base@17.0.7
j  java.lang.invoke.DirectMethodHandle.make(BLjava/lang/Class;Ljava/lang/invoke/MemberName;Ljava/lang/Class;)Ljava/lang/invoke/DirectMethodHandle;+163 java.base@17.0.7
j  java.lang.invoke.DirectMethodHandle.make(Ljava/lang/Class;Ljava/lang/invoke/MemberName;)Ljava/lang/invoke/DirectMethodHandle;+17 java.base@17.0.7
j  java.lang.invoke.DirectMethodHandle.make(Ljava/lang/invoke/MemberName;)Ljava/lang/invoke/DirectMethodHandle;+17 java.base@17.0.7
j  java.lang.invoke.Invokers.basicInvoker()Ljava/lang/invoke/MethodHandle;+60 java.base@17.0.7
j  java.lang.invoke.LambdaForm$NamedFunction.<init>(Ljava/lang/invoke/MethodType;)V+42 java.base@17.0.7
j  java.lang.invoke.LambdaForm$Name.<init>(Ljava/lang/invoke/MethodType;[Ljava/lang/Object;)V+6 java.base@17.0.7
j  java.lang.invoke.LambdaFormEditor.makeArgumentCombinationForm(ILjava/lang/invoke/MethodType;[IZZ)Ljava/lang/invoke/LambdaForm;+462 java.base@17.0.7
j  java.lang.invoke.LambdaFormEditor.foldArgumentsForm(IZLjava/lang/invoke/MethodType;[I)Ljava/lang/invoke/LambdaForm;+88 java.base@17.0.7
j  java.lang.invoke.MethodHandles.argumentsWithCombiner(ZLjava/lang/invoke/MethodHandle;ILjava/lang/invoke/MethodHandle;[I)Ljava/lang/invoke/MethodHandle;+94 java.base@17.0.7
j  java.lang.invoke.MethodHandles.foldArgumentsWithCombiner(Ljava/lang/invoke/MethodHandle;ILjava/lang/invoke/MethodHandle;[I)Ljava/lang/invoke/MethodHandle;+5 java.base@17.0.7
j  java.lang.invoke.StringConcatFactory.generateMHInlineCopy(Ljava/lang/invoke/MethodType;Ljava/util/List;)Ljava/lang/invoke/MethodHandle;+578 java.base@17.0.7
j  java.lang.invoke.StringConcatFactory.makeConcatWithConstants(Ljava/lang/invoke/MethodHandles$Lookup;Ljava/lang/String;Ljava/lang/invoke/MethodType;Ljava/lang/String;[Ljava/lang/Object;)Ljava/lang/invoke/CallSite;+220 java.base@17.0.7
j  java.lang.invoke.DirectMethodHandle$Holder.invokeStatic(Ljava/lang/Object;Ljava/lang/Object;Ljava/lang/Object;Ljava/lang/Object;Ljava/lang/Object;Ljava/lang/Object;)Ljava/lang/Object;+18 java.base@17.0.7
j  java.lang.invoke.DelegatingMethodHandle$Holder.delegate(Ljava/lang/Object;Ljava/lang/Object;Ljava/lang/Object;Ljava/lang/Object;Ljava/lang/Object;Ljava/lang/Object;)Ljava/lang/Object;+21 java.base@17.0.7
j  java.lang.invoke.Invokers$Holder.invokeExact_MT(Ljava/lang/Object;Ljava/lang/Object;Ljava/lang/Object;Ljava/lang/Object;Ljava/lang/Object;Ljava/lang/Object;Ljava/lang/Object;)Ljava/lang/Object;+26 java.base@17.0.7
j  java.lang.invoke.BootstrapMethodInvoker.invoke(Ljava/lang/Class;Ljava/lang/invoke/MethodHandle;Ljava/lang/String;Ljava/lang/Object;Ljava/lang/Object;Ljava/lang/Class;)Ljava/lang/Object;+157 java.base@17.0.7
j  java.lang.invoke.CallSite.makeSite(Ljava/lang/invoke/MethodHandle;Ljava/lang/String;Ljava/lang/invoke/MethodType;Ljava/lang/Object;Ljava/lang/Class;)Ljava/lang/invoke/CallSite;+8 java.base@17.0.7
j  java.lang.invoke.MethodHandleNatives.linkCallSiteImpl(Ljava/lang/Class;Ljava/lang/invoke/MethodHandle;Ljava/lang/String;Ljava/lang/invoke/MethodType;Ljava/lang/Object;[Ljava/lang/Object;)Ljava/lang/invoke/MemberName;+6 java.base@17.0.7
j  java.lang.invoke.MethodHandleNatives.linkCallSite(Ljava/lang/Object;ILjava/lang/Object;Ljava/lang/Object;Ljava/lang/Object;Ljava/lang/Object;[Ljava/lang/Object;)Ljava/lang/invoke/MemberName;+46 java.base@17.0.7
v  ~StubRoutines::call_stub
V  [libjvm.dylib+0x464a38]  JavaCalls::call_helper(JavaValue*, methodHandle const&, JavaCallArguments*, JavaThread*)+0x38c
V  [libjvm.dylib+0x463ff4]  JavaCalls::call_static(JavaValue*, Klass*, Symbol*, Symbol*, JavaCallArguments*, JavaThread*)+0xc4
V  [libjvm.dylib+0x8e6d8c]  SystemDictionary::invoke_bootstrap_method(BootstrapInfo&, JavaThread*)+0x300
V  [libjvm.dylib+0x67ef7c]  LinkResolver::resolve_dynamic_call(CallInfo&, BootstrapInfo&, JavaThread*)+0x28
V  [libjvm.dylib+0x67e7b8]  LinkResolver::resolve_invokedynamic(CallInfo&, constantPoolHandle const&, int, JavaThread*)+0x88
V  [libjvm.dylib+0x45e504]  InterpreterRuntime::resolve_invokedynamic(JavaThread*)+0x128
V  [libjvm.dylib+0x45e624]  InterpreterRuntime::resolve_from_cache(JavaThread*, Bytecodes::Code)+0xb4
j  com.sun.jmx.mbeanserver.MXBeanIntrospector.getMBeanOperationInfo(Ljava/lang/String;Lcom/sun/jmx/mbeanserver/ConvertingMethod;)Ljavax/management/MBeanOperationInfo;+72 java.management@17.0.7
j  com.sun.jmx.mbeanserver.MXBeanIntrospector.getMBeanOperationInfo(Ljava/lang/String;Ljava/lang/Object;)Ljavax/management/MBeanOperationInfo;+6 java.management@17.0.7
j  com.sun.jmx.mbeanserver.MBeanIntrospector$MBeanInfoMaker.visitOperation(Ljava/lang/String;Ljava/lang/Object;)V+6 java.management@17.0.7
j  com.sun.jmx.mbeanserver.MBeanAnalyzer.visit(Lcom/sun/jmx/mbeanserver/MBeanAnalyzer$MBeanVisitor;)V+158 java.management@17.0.7
j  com.sun.jmx.mbeanserver.MBeanIntrospector.makeInterfaceMBeanInfo(Ljava/lang/Class;Lcom/sun/jmx/mbeanserver/MBeanAnalyzer;)Ljavax/management/MBeanInfo;+11 java.management@17.0.7
j  com.sun.jmx.mbeanserver.MBeanIntrospector.getPerInterface(Ljava/lang/Class;)Lcom/sun/jmx/mbeanserver/PerInterface;+54 java.management@17.0.7
j  com.sun.jmx.mbeanserver.MBeanSupport.<init>(Ljava/lang/Object;Ljava/lang/Class;)V+69 java.management@17.0.7
j  com.sun.jmx.mbeanserver.MXBeanSupport.<init>(Ljava/lang/Object;Ljava/lang/Class;)V+3 java.management@17.0.7
j  javax.management.StandardMBean.construct(Ljava/lang/Object;Ljava/lang/Class;ZZ)V+56 java.management@17.0.7
j  javax.management.StandardMBean.<init>(Ljava/lang/Object;Ljava/lang/Class;Z)V+9 java.management@17.0.7
j  java.lang.management.ManagementFactory.lambda$addMXBean$7(Ljava/lang/Object;Ljavax/management/MBeanServer;Ljavax/management/ObjectName;)Ljava/lang/Void;+53 java.management@17.0.7
j  java.lang.management.ManagementFactory$$Lambda$84+0x0000000800c1ded0.run()Ljava/lang/Object;+12 java.management@17.0.7
j  java.security.AccessController.executePrivileged(Ljava/security/PrivilegedExceptionAction;Ljava/security/AccessControlContext;Ljava/lang/Class;)Ljava/lang/Object;+29 java.base@17.0.7
j  java.security.AccessController.doPrivileged(Ljava/security/PrivilegedExceptionAction;)Ljava/lang/Object;+9 java.base@17.0.7
j  java.lang.management.ManagementFactory.addMXBean(Ljavax/management/MBeanServer;Ljava/lang/String;Ljava/lang/Object;)V+13 java.management@17.0.7
j  java.lang.management.ManagementFactory.lambda$getPlatformMBeanServer$1(Ljava/util/Map$Entry;)V+18 java.management@17.0.7
j  java.lang.management.ManagementFactory$$Lambda$83+0x0000000800c1d4a8.accept(Ljava/lang/Object;)V+4 java.management@17.0.7
j  java.util.stream.ForEachOps$ForEachOp$OfRef.accept(Ljava/lang/Object;)V+5 java.base@17.0.7
j  java.util.Collections$2.tryAdvance(Ljava/util/function/Consumer;)Z+29 java.base@17.0.7
j  java.util.Collections$2.forEachRemaining(Ljava/util/function/Consumer;)V+2 java.base@17.0.7
j  java.util.stream.ReferencePipeline$Head.forEach(Ljava/util/function/Consumer;)V+12 java.base@17.0.7
j  java.util.stream.ReferencePipeline$7$1.accept(Ljava/lang/Object;)V+41 java.base@17.0.7
j  java.util.stream.ReferencePipeline$2$1.accept(Ljava/lang/Object;)V+21 java.base@17.0.7
j  java.util.HashMap$ValueSpliterator.forEachRemaining(Ljava/util/function/Consumer;)V+145 java.base@17.0.7
j  java.util.stream.AbstractPipeline.copyInto(Ljava/util/stream/Sink;Ljava/util/Spliterator;)V+32 java.base@17.0.7
j  java.util.stream.AbstractPipeline.wrapAndCopyInto(Ljava/util/stream/Sink;Ljava/util/Spliterator;)Ljava/util/stream/Sink;+13 java.base@17.0.7
j  java.util.stream.ForEachOps$ForEachOp.evaluateSequential(Ljava/util/stream/PipelineHelper;Ljava/util/Spliterator;)Ljava/lang/Void;+3 java.base@17.0.7
j  java.util.stream.ForEachOps$ForEachOp$OfRef.evaluateSequential(Ljava/util/stream/PipelineHelper;Ljava/util/Spliterator;)Ljava/lang/Object;+3 java.base@17.0.7
j  java.util.stream.AbstractPipeline.evaluate(Ljava/util/stream/TerminalOp;)Ljava/lang/Object;+88 java.base@17.0.7
j  java.util.stream.ReferencePipeline.forEach(Ljava/util/function/Consumer;)V+6 java.base@17.0.7
j  java.lang.management.ManagementFactory.getPlatformMBeanServer()Ljavax/management/MBeanServer;+68 java.management@17.0.7
j  sun.management.jmxremote.ConnectorBootstrap.startLocalConnectorServer()Ljavax/management/remote/JMXConnectorServer;+88 jdk.management.agent@17.0.7
j  jdk.internal.agent.Agent.startLocalManagementAgent()V+13 jdk.management.agent@17.0.7
j  jdk.internal.agent.Agent.startAgent(Ljava/util/Properties;)V+58 jdk.management.agent@17.0.7
j  jdk.internal.agent.Agent.startAgent()V+20 jdk.management.agent@17.0.7
v  ~StubRoutines::call_stub
V  [libjvm.dylib+0x464a38]  JavaCalls::call_helper(JavaValue*, methodHandle const&, JavaCallArguments*, JavaThread*)+0x38c
V  [libjvm.dylib+0x463ff4]  JavaCalls::call_static(JavaValue*, Klass*, Symbol*, Symbol*, JavaCallArguments*, JavaThread*)+0xc4
V  [libjvm.dylib+0x46407c]  JavaCalls::call_static(JavaValue*, Klass*, Symbol*, Symbol*, JavaThread*)+0x4c
V  [libjvm.dylib+0x71b688]  Management::initialize(JavaThread*)+0x118
V  [libjvm.dylib+0x918784]  Threads::create_vm(JavaVMInitArgs*, bool*)+0x8bc
V  [libjvm.dylib+0x4d88d8]  JNI_CreateJavaVM+0x6c
C  [libjli.dylib+0x6e40]  JavaMain+0x104
C  [libjli.dylib+0x9a80]  ThreadJavaMain+0xc
C  [libsystem_pthread.dylib+0x706c]  _pthread_start+0x94


siginfo: si_signo: 10 (SIGBUS), si_code: 1 (BUS_ADRALN), si_addr: 0x000000010dac54e4

Register to memory mapping:

 x0=0x000000080019a000 is pointing into metadata
 x1=0x00000000cafebabe is an unknown value
 x2=0x000000016bce3848 is pointing into the stack for thread: 0x00000001408e7800
 x3=0x0000000000000001 is an unknown value
 x4=0x000000016bce3a20 is pointing into the stack for thread: 0x00000001408e7800
 x5=0x000000016bce3a20 is pointing into the stack for thread: 0x00000001408e7800
 x6=0x000000008440001d is an unknown value
 x7=0x0000000000000400 is an unknown value
 x8=0x000000010dac54e0 is at begin+0 in a stub
StubRoutines::SafeFetch32 [0x000000010dac54e0, 0x000000010dac54ec] (12 bytes)
 x9=0x000000016bce3ff0 is pointing into the stack for thread: 0x00000001408e7800
x10=0x0 is NULL
x11=0x000000016bce4010 is pointing into the stack for thread: 0x00000001408e7800
x12=0x00000000000000ab is an unknown value
x13=0x0 is NULL
x14=0x0000000787ee6fc8 is an oop: java.lang.invoke.MethodType$ConcurrentWeakInternSet$WeakEntry 
{0x0000000787ee6fc8} - klass: 'java/lang/invoke/MethodType$ConcurrentWeakInternSet$WeakEntry'
 - ---- fields (total size 4 words):
 - private 'referent' 'Ljava/lang/Object;' @12  a 'java/lang/invoke/MethodType'{0x0000000787ee6e60} = (Ljava/lang/invoke/MethodHandle;Ljava/lang/Object;I)J (f0fdcdcc)
 - volatile 'queue' 'Ljava/lang/ref/ReferenceQueue;' @16  a 'java/lang/ref/ReferenceQueue'{0x0000000786646330} (f0cc8c66)
 - volatile 'next' 'Ljava/lang/ref/Reference;' @20  NULL (0)
 - private transient 'discovered' 'Ljava/lang/ref/Reference;' @24  NULL (0)
 - public final 'hashcode' 'I' @28  -1277788728 (b3d67dc8)
x15=0x0000000033d6ce1e is an unknown value
x16=0x00000001a4f54e9c: pthread_getspecific+0 in /usr/lib/system/libsystem_pthread.dylib at 0x00000001a4f53000
x17=0x00006000008a2610 points into unknown readable memory: 0xfffffffffffffffe | fe ff ff ff ff ff ff ff
x18=0x0 is NULL
x19=0x000000080019a000 is pointing into metadata
x20=0x00000001408e7800 is a thread
x21=0x0000000000000001 is an unknown value
x22=0x0000000105f5c540: _ZN12StubRoutines25_call_stub_return_addressE+0 in /Library/Java/JavaVirtualMachines/jdk-17.jdk/Contents/Home/lib/server/libjvm.dylib at 0x00000001053b4000
x23=0x0000000105f5c798: _ZN12StubRoutines18_safefetch32_entryE+0 in /Library/Java/JavaVirtualMachines/jdk-17.jdk/Contents/Home/lib/server/libjvm.dylib at 0x00000001053b4000
x24=0x00000000cafebabe is an unknown value
x25=0x000000016bce3fb0 is pointing into the stack for thread: 0x00000001408e7800
x26=0x000000014804831c points into unknown readable memory: 00 00 00 00
x27=0x000000014804c390 points into unknown readable memory: 0x72656e6e00000127 | 27 01 00 00 6e 6e 65 72
x28=0x000000010dacc584 is at code_begin+324 in an Interpreter codelet
method entry point (kind = zerolocals)  [0x000000010dacc440, 0x000000010dacc680]  576 bytes


Registers:
 x0=0x000000080019a000  x1=0x00000000cafebabe  x2=0x000000016bce3848  x3=0x0000000000000001
 x4=0x000000016bce3a20  x5=0x000000016bce3a20  x6=0x000000008440001d  x7=0x0000000000000400
 x8=0x000000010dac54e0  x9=0x000000016bce3ff0 x10=0x0000000000000000 x11=0x000000016bce4010
x12=0x00000000000000ab x13=0x0000000000000000 x14=0x0000000787ee6fc8 x15=0x0000000033d6ce1e
x16=0x00000001a4f54e9c x17=0x00006000008a2610 x18=0x0000000000000000 x19=0x000000080019a000
x20=0x00000001408e7800 x21=0x0000000000000001 x22=0x0000000105f5c540 x23=0x0000000105f5c798
x24=0x00000000cafebabe x25=0x000000016bce3fb0 x26=0x000000014804831c x27=0x000000014804c390
x28=0x000000010dacc584  fp=0x000000016bce3710  lr=0x0000000105b62054  sp=0x000000016bce36e0
pc=0x000000010dac54e4 cpsr=0x0000000060001000
Top of Stack: (sp=0x000000016bce36e0)
0x000000016bce36e0:   000000016bce4060 000000016bce3ff0
0x000000016bce36f0:   0000000105f5c540 000000080019a400
0x000000016bce3700:   000000080019a000 000000080019a458
0x000000016bce3710:   000000016bce3730 0000000105b62654
0x000000016bce3720:   000000016bce3790 000000080019a400
0x000000016bce3730:   000000016bce3750 0000000105b12ed0
0x000000016bce3740:   000000016bce3790 00000001408e7800
0x000000016bce3750:   000000016bce3780 000000010570b93c
0x000000016bce3760:   0000000105f5c540 000000010dac9590
0x000000016bce3770:   000000010dac9c60 00000001408e7800
0x000000016bce3780:   000000016bce3800 000000010570b818
0x000000016bce3790:   000000016bce3ff0 000000010dac9c60
0x000000016bce37a0:   000000010dac9590 0000000000000000
0x000000016bce37b0:   000000016bce4060 000000016bce3fb0
0x000000016bce37c0:   000000014804831c 00000001408e7aa8
0x000000016bce37d0:   00000001408e7800 000000016bce3a20
0x000000016bce37e0:   000000010dac9590 000000010dacc584
0x000000016bce37f0:   00000001408e7800 000000016bce3910
0x000000016bce3800:   000000016bce38a0 0000000105cd9418
0x000000016bce3810:   0000000800514570 0000000000000157
0x000000016bce3820:   000000016bce3860 00000001056daad8
0x000000016bce3830:   0000600007b60200 0000000000000075
0x000000016bce3840:   000000016bce3f60 000000016bce3fe0
0x000000016bce3850:   000000016bce3f60 000000010dacc584
0x000000016bce3860:   000000010dac9590 0000000100000000
0x000000016bce3870:   000000016bce3fe0 000000016bce3f60
0x000000016bce3880:   0000000000000800 00000001408e7800
0x000000016bce3890:   0000000000000800 000000016bce3980
0x000000016bce38a0:   000000016bce3960 00000001057086c0
0x000000016bce38b0:   0000000800514570 00000008000c23b8
0x000000016bce38c0:   0000000800514570 0000000000000157
0x000000016bce38d0:   0000000105f73a10 00000001408e7800 

Instructions: (pc=0x000000010dac54e4)
0x000000010dac53e4:   1e614000 1400003a d2842809 f2a0be69
0x000000010dac53f4:   f2c00029 6d425935 1e640886 0c402d31
0x000000010dac5404:   1e6408c7 1f5654d0 1e6c1017 1f5050d0
0x000000010dac5414:   1f504cd0 1f5048d0 1e650af6 1f50d8f6
0x000000010dac5424:   1f5694d6 1f5158f6 1e762880 36000501
0x000000010dac5434:   1e614000 14000026 2e251ca5 d2843009
0x000000010dac5444:   f2a0be69 f2c00029 6d425d36 1e600806
0x000000010dac5454:   0c402d32 1f5758c7 1e6c101a 1f4754c7
0x000000010dac5464:   1e650805 1f4750c7 d2866668 f2a7fa68
0x000000010dac5474:   1f474cc7 1e6608c0 1f4748c7 1e6e1019
0x000000010dac5484:   eb08007f 540000ac 1f479400 1f460340
0x000000010dac5494:   1e603b20 1400000e d2a7fd29 eb09007f
0x000000010dac54a4:   540000ac 51480069 d3607d29 9e670121
0x000000010dac54b4:   14000002 1e6a5001 1f679417 1f668742
0x000000010dac54c4:   1e613b23 1e773857 1e773860 a8c17ff3
0x000000010dac54d4:   910003bf a8c17bfd d65f03c0 b9400001
0x000000010dac54e4:   aa0103e0 d65f03c0 f9400001 aa0103e0
0x000000010dac54f4:   d65f03c0 00000000 00000000 00000000
0x000000010dac5504:   00000000 00000000 00000000 00000000
0x000000010dac5514:   00000000 00000000 00000000 00000000
0x000000010dac5524:   00000000 00000000 00000000 00000000
0x000000010dac5534:   00000000 00000000 00000000 00000000
0x000000010dac5544:   00000000 00000000 00000000 00000000
0x000000010dac5554:   00000000 00000000 00000000 00000000
0x000000010dac5564:   00000000 00000000 00000000 00000000
0x000000010dac5574:   00000000 00000000 00000000 00000000
0x000000010dac5584:   00000000 00000000 00000000 00000000
0x000000010dac5594:   00000000 00000000 00000000 00000000
0x000000010dac55a4:   00000000 00000000 00000000 00000000
0x000000010dac55b4:   00000000 00000000 00000000 00000000
0x000000010dac55c4:   00000000 00000000 00000000 00000000
0x000000010dac55d4:   00000000 00000000 00000000 00000000 


Stack slot to memory mapping:
stack at sp + 0 slots: 0x000000016bce4060 is pointing into the stack for thread: 0x00000001408e7800
stack at sp + 1 slots: 0x000000016bce3ff0 is pointing into the stack for thread: 0x00000001408e7800
stack at sp + 2 slots: 0x0000000105f5c540: _ZN12StubRoutines25_call_stub_return_addressE+0 in /Library/Java/JavaVirtualMachines/jdk-17.jdk/Contents/Home/lib/server/libjvm.dylib at 0x00000001053b4000
stack at sp + 3 slots: {method} {0x000000080019a400} '<init>' '(Ljava/lang/invoke/LambdaForm$NamedFunction;[Ljava/lang/Object;)V' in 'java/lang/invoke/LambdaForm$Name'
stack at sp + 4 slots: 0x000000080019a000 is pointing into metadata
stack at sp + 5 slots: {method} {0x000000080019a458} '<init>' '(ILjava/lang/invoke/LambdaForm$BasicType;)V' in 'java/lang/invoke/LambdaForm$Name'
stack at sp + 6 slots: 0x000000016bce3730 is pointing into the stack for thread: 0x00000001408e7800
stack at sp + 7 slots: 0x0000000105b62654: _ZN2os17is_readable_rangeEPKvS1_+0x2c in /Library/Java/JavaVirtualMachines/jdk-17.jdk/Contents/Home/lib/server/libjvm.dylib at 0x00000001053b4000

StubRoutines::SafeFetch32 [0x000000010dac54e0, 0x000000010dac54ec] (12 bytes)
[MachCode]
  0x000000010dac54e0: 0100 40b9 | e003 01aa | c003 5fd6 
[/MachCode]

---------------  P R O C E S S  ---------------

Threads class SMR info:
_java_thread_list=0x0000600002ae6200, length=15, elements={
0x00000001408e7800, 0x0000000140994e00, 0x0000000140997600, 0x0000000140996600,
0x0000000140996c00, 0x000000014099a600, 0x000000014099ac00, 0x000000014099b200,
0x0000000150810800, 0x00000001409a3600, 0x0000000151d1d600, 0x0000000140aa2000,
0x0000000151d5c200, 0x0000000151a4f200, 0x0000000151d5a600
}

Java Threads: ( => current thread )
=>0x00000001408e7800 JavaThread "main" [_thread_in_Java, id=4099, stack(0x000000016bae4000,0x000000016bce7000)]
  0x0000000140994e00 JavaThread "Reference Handler" daemon [_thread_blocked, id=19203, stack(0x000000016c938000,0x000000016cb3b000)]
  0x0000000140997600 JavaThread "Finalizer" daemon [_thread_blocked, id=18947, stack(0x000000016cb44000,0x000000016cd47000)]
  0x0000000140996600 JavaThread "Signal Dispatcher" daemon [_thread_blocked, id=23299, stack(0x000000016ce68000,0x000000016d06b000)]
  0x0000000140996c00 JavaThread "Service Thread" daemon [_thread_blocked, id=31235, stack(0x000000016d074000,0x000000016d277000)]
  0x000000014099a600 JavaThread "Monitor Deflation Thread" daemon [_thread_blocked, id=30979, stack(0x000000016d280000,0x000000016d483000)]
  0x000000014099ac00 JavaThread "C1 CompilerThread0" daemon [_thread_blocked, id=30467, stack(0x000000016d48c000,0x000000016d68f000)]
  0x000000014099b200 JavaThread "Sweeper thread" daemon [_thread_blocked, id=24067, stack(0x000000016d698000,0x000000016d89b000)]
  0x0000000150810800 JavaThread "Common-Cleaner" daemon [_thread_blocked, id=24579, stack(0x000000016d8a4000,0x000000016daa7000)]
  0x00000001409a3600 JavaThread "Monitor Ctrl-Break" daemon [_thread_in_native, id=24835, stack(0x000000016dab0000,0x000000016dcb3000)]
  0x0000000151d1d600 JavaThread "JFR Recorder Thread" daemon [_thread_blocked, id=25091, stack(0x000000016dcbc000,0x000000016debf000)]
  0x0000000140aa2000 JavaThread "JFR Periodic Tasks" daemon [_thread_blocked, id=29699, stack(0x000000016dec8000,0x000000016e0cb000)]
  0x0000000151d5c200 JavaThread "Attach Listener" daemon [_thread_blocked, id=28675, stack(0x000000016e6f8000,0x000000016e8fb000)]
  0x0000000151a4f200 JavaThread "Async-profiler Timer" daemon [_thread_in_native, id=27139, stack(0x000000016e990000,0x000000016eb93000)]
  0x0000000151d5a600 JavaThread "Notification Thread" daemon [_thread_blocked, id=27651, stack(0x000000016eb9c000,0x000000016ed9f000)]

Other Threads:
  0x0000000120668aa0 VMThread "VM Thread" [stack: 0x000000016c72c000,0x000000016c92f000] [id=19459]
  0x0000000120661920 GCTaskThread "GC Thread#0" [stack: 0x000000016bcf0000,0x000000016bef3000] [id=15363]
  0x000000015064fd30 GCTaskThread "GC Thread#1" [stack: 0x000000016e0d4000,0x000000016e2d7000] [id=25603]
  0x00000001506501b0 GCTaskThread "GC Thread#2" [stack: 0x000000016e2e0000,0x000000016e4e3000] [id=29187]
  0x0000000120661fd0 ConcurrentGCThread "G1 Main Marker" [stack: 0x000000016befc000,0x000000016c0ff000] [id=13827]
  0x0000000120662850 ConcurrentGCThread "G1 Conc#0" [stack: 0x000000016c108000,0x000000016c30b000] [id=14339]
  0x00000001206646c0 ConcurrentGCThread "G1 Refine#0" [stack: 0x000000016c314000,0x000000016c517000] [id=21507]
  0x00000001211041c0 ConcurrentGCThread "G1 Refine#1" [stack: 0x000000016e4ec000,0x000000016e6ef000] [id=26371]
  0x0000000120664f60 ConcurrentGCThread "G1 Service" [stack: 0x000000016c520000,0x000000016c723000] [id=21251]

Threads with active compile tasks:

VM state: not at safepoint (normal execution)

VM Mutex/Monitor currently owned by a thread: None

Heap address: 0x0000000780000000, size: 2048 MB, Compressed Oops mode: Zero based, Oop shift amount: 3

CDS archive(s) mapped at: [0x0000000800000000-0x0000000800bd8000-0x0000000800bd8000), size 12419072, SharedBaseAddress: 0x0000000800000000, ArchiveRelocationMode: 0.
Compressed class space mapped at: 0x0000000800c00000-0x0000000840c00000, reserved size: 1073741824
Narrow klass base: 0x0000000800000000, Narrow klass shift: 0, Narrow klass range: 0x100000000

GC Precious Log:
 CPUs: 8 total, 8 available
 Memory: 8192M
 Large Page Support: Disabled
 NUMA Support: Disabled
 Compressed Oops: Enabled (Zero based)
 Heap Region Size: 1M
 Heap Min Capacity: 8M
 Heap Initial Capacity: 128M
 Heap Max Capacity: 2G
 Pre-touch: Disabled
 Parallel Workers: 8
 Concurrent Workers: 2
 Concurrent Refinement Workers: 8
 Periodic GC: Disabled

Heap:
 garbage-first heap   total 133120K, used 8796K [0x0000000780000000, 0x0000000800000000)
  region size 1024K, 5 young (5120K), 3 survivors (3072K)
 Metaspace       used 4239K, committed 4416K, reserved 1056768K
  class space    used 517K, committed 640K, reserved 1048576K

Heap Regions: E=young(eden), S=young(survivor), O=old, HS=humongous(starts), HC=humongous(continues), CS=collection set, F=free, OA=open archive, CA=closed archive, TAMS=top-at-mark-start (previous, next)
|   0|0x0000000780000000, 0x0000000780100000, 0x0000000780100000|100%|HS|  |TAMS 0x0000000780000000, 0x0000000780000000| Complete 
|   1|0x0000000780100000, 0x0000000780200000, 0x0000000780200000|100%| O|  |TAMS 0x0000000780100000, 0x0000000780100000| Untracked 
|   2|0x0000000780200000, 0x0000000780300000, 0x0000000780300000|100%| O|  |TAMS 0x0000000780200000, 0x0000000780200000| Untracked 
|   3|0x0000000780300000, 0x000000078039f200, 0x0000000780400000| 62%| O|  |TAMS 0x0000000780300000, 0x0000000780300000| Untracked 
|   4|0x0000000780400000, 0x0000000780400000, 0x0000000780500000|  0%| F|  |TAMS 0x0000000780400000, 0x0000000780400000| Untracked 
|   5|0x0000000780500000, 0x0000000780500000, 0x0000000780600000|  0%| F|  |TAMS 0x0000000780500000, 0x0000000780500000| Untracked 
|   6|0x0000000780600000, 0x0000000780600000, 0x0000000780700000|  0%| F|  |TAMS 0x0000000780600000, 0x0000000780600000| Untracked 
|   7|0x0000000780700000, 0x0000000780700000, 0x0000000780800000|  0%| F|  |TAMS 0x0000000780700000, 0x0000000780700000| Untracked 
|   8|0x0000000780800000, 0x0000000780800000, 0x0000000780900000|  0%| F|  |TAMS 0x0000000780800000, 0x0000000780800000| Untracked 
|   9|0x0000000780900000, 0x0000000780900000, 0x0000000780a00000|  0%| F|  |TAMS 0x0000000780900000, 0x0000000780900000| Untracked 
|  10|0x0000000780a00000, 0x0000000780a00000, 0x0000000780b00000|  0%| F|  |TAMS 0x0000000780a00000, 0x0000000780a00000| Untracked 
|  11|0x0000000780b00000, 0x0000000780b00000, 0x0000000780c00000|  0%| F|  |TAMS 0x0000000780b00000, 0x0000000780b00000| Untracked 
|  12|0x0000000780c00000, 0x0000000780c00000, 0x0000000780d00000|  0%| F|  |TAMS 0x0000000780c00000, 0x0000000780c00000| Untracked 
|  13|0x0000000780d00000, 0x0000000780d00000, 0x0000000780e00000|  0%| F|  |TAMS 0x0000000780d00000, 0x0000000780d00000| Untracked 
|  14|0x0000000780e00000, 0x0000000780e00000, 0x0000000780f00000|  0%| F|  |TAMS 0x0000000780e00000, 0x0000000780e00000| Untracked 
|  15|0x0000000780f00000, 0x0000000780f00000, 0x0000000781000000|  0%| F|  |TAMS 0x0000000780f00000, 0x0000000780f00000| Untracked 
|  16|0x0000000781000000, 0x0000000781000000, 0x0000000781100000|  0%| F|  |TAMS 0x0000000781000000, 0x0000000781000000| Untracked 
|  17|0x0000000781100000, 0x0000000781100000, 0x0000000781200000|  0%| F|  |TAMS 0x0000000781100000, 0x0000000781100000| Untracked 
|  18|0x0000000781200000, 0x0000000781200000, 0x0000000781300000|  0%| F|  |TAMS 0x0000000781200000, 0x0000000781200000| Untracked 
|  19|0x0000000781300000, 0x0000000781300000, 0x0000000781400000|  0%| F|  |TAMS 0x0000000781300000, 0x0000000781300000| Untracked 
|  20|0x0000000781400000, 0x0000000781400000, 0x0000000781500000|  0%| F|  |TAMS 0x0000000781400000, 0x0000000781400000| Untracked 
|  21|0x0000000781500000, 0x0000000781500000, 0x0000000781600000|  0%| F|  |TAMS 0x0000000781500000, 0x0000000781500000| Untracked 
|  22|0x0000000781600000, 0x0000000781600000, 0x0000000781700000|  0%| F|  |TAMS 0x0000000781600000, 0x0000000781600000| Untracked 
|  23|0x0000000781700000, 0x0000000781700000, 0x0000000781800000|  0%| F|  |TAMS 0x0000000781700000, 0x0000000781700000| Untracked 
|  24|0x0000000781800000, 0x0000000781800000, 0x0000000781900000|  0%| F|  |TAMS 0x0000000781800000, 0x0000000781800000| Untracked 
|  25|0x0000000781900000, 0x0000000781900000, 0x0000000781a00000|  0%| F|  |TAMS 0x0000000781900000, 0x0000000781900000| Untracked 
|  26|0x0000000781a00000, 0x0000000781a00000, 0x0000000781b00000|  0%| F|  |TAMS 0x0000000781a00000, 0x0000000781a00000| Untracked 
|  27|0x0000000781b00000, 0x0000000781b00000, 0x0000000781c00000|  0%| F|  |TAMS 0x0000000781b00000, 0x0000000781b00000| Untracked 
|  28|0x0000000781c00000, 0x0000000781c00000, 0x0000000781d00000|  0%| F|  |TAMS 0x0000000781c00000, 0x0000000781c00000| Untracked 
|  29|0x0000000781d00000, 0x0000000781d00000, 0x0000000781e00000|  0%| F|  |TAMS 0x0000000781d00000, 0x0000000781d00000| Untracked 
|  30|0x0000000781e00000, 0x0000000781e00000, 0x0000000781f00000|  0%| F|  |TAMS 0x0000000781e00000, 0x0000000781e00000| Untracked 
|  31|0x0000000781f00000, 0x0000000781f00000, 0x0000000782000000|  0%| F|  |TAMS 0x0000000781f00000, 0x0000000781f00000| Untracked 
|  32|0x0000000782000000, 0x0000000782000000, 0x0000000782100000|  0%| F|  |TAMS 0x0000000782000000, 0x0000000782000000| Untracked 
|  33|0x0000000782100000, 0x0000000782100000, 0x0000000782200000|  0%| F|  |TAMS 0x0000000782100000, 0x0000000782100000| Untracked 
|  34|0x0000000782200000, 0x0000000782200000, 0x0000000782300000|  0%| F|  |TAMS 0x0000000782200000, 0x0000000782200000| Untracked 
|  35|0x0000000782300000, 0x0000000782300000, 0x0000000782400000|  0%| F|  |TAMS 0x0000000782300000, 0x0000000782300000| Untracked 
|  36|0x0000000782400000, 0x0000000782400000, 0x0000000782500000|  0%| F|  |TAMS 0x0000000782400000, 0x0000000782400000| Untracked 
|  37|0x0000000782500000, 0x0000000782500000, 0x0000000782600000|  0%| F|  |TAMS 0x0000000782500000, 0x0000000782500000| Untracked 
|  38|0x0000000782600000, 0x0000000782600000, 0x0000000782700000|  0%| F|  |TAMS 0x0000000782600000, 0x0000000782600000| Untracked 
|  39|0x0000000782700000, 0x0000000782700000, 0x0000000782800000|  0%| F|  |TAMS 0x0000000782700000, 0x0000000782700000| Untracked 
|  40|0x0000000782800000, 0x0000000782800000, 0x0000000782900000|  0%| F|  |TAMS 0x0000000782800000, 0x0000000782800000| Untracked 
|  41|0x0000000782900000, 0x0000000782900000, 0x0000000782a00000|  0%| F|  |TAMS 0x0000000782900000, 0x0000000782900000| Untracked 
|  42|0x0000000782a00000, 0x0000000782a00000, 0x0000000782b00000|  0%| F|  |TAMS 0x0000000782a00000, 0x0000000782a00000| Untracked 
|  43|0x0000000782b00000, 0x0000000782b00000, 0x0000000782c00000|  0%| F|  |TAMS 0x0000000782b00000, 0x0000000782b00000| Untracked 
|  44|0x0000000782c00000, 0x0000000782c00000, 0x0000000782d00000|  0%| F|  |TAMS 0x0000000782c00000, 0x0000000782c00000| Untracked 
|  45|0x0000000782d00000, 0x0000000782d00000, 0x0000000782e00000|  0%| F|  |TAMS 0x0000000782d00000, 0x0000000782d00000| Untracked 
|  46|0x0000000782e00000, 0x0000000782e00000, 0x0000000782f00000|  0%| F|  |TAMS 0x0000000782e00000, 0x0000000782e00000| Untracked 
|  47|0x0000000782f00000, 0x0000000782f00000, 0x0000000783000000|  0%| F|  |TAMS 0x0000000782f00000, 0x0000000782f00000| Untracked 
|  48|0x0000000783000000, 0x0000000783000000, 0x0000000783100000|  0%| F|  |TAMS 0x0000000783000000, 0x0000000783000000| Untracked 
|  49|0x0000000783100000, 0x0000000783100000, 0x0000000783200000|  0%| F|  |TAMS 0x0000000783100000, 0x0000000783100000| Untracked 
|  50|0x0000000783200000, 0x0000000783200000, 0x0000000783300000|  0%| F|  |TAMS 0x0000000783200000, 0x0000000783200000| Untracked 
|  51|0x0000000783300000, 0x0000000783300000, 0x0000000783400000|  0%| F|  |TAMS 0x0000000783300000, 0x0000000783300000| Untracked 
|  52|0x0000000783400000, 0x0000000783400000, 0x0000000783500000|  0%| F|  |TAMS 0x0000000783400000, 0x0000000783400000| Untracked 
|  53|0x0000000783500000, 0x0000000783500000, 0x0000000783600000|  0%| F|  |TAMS 0x0000000783500000, 0x0000000783500000| Untracked 
|  54|0x0000000783600000, 0x0000000783600000, 0x0000000783700000|  0%| F|  |TAMS 0x0000000783600000, 0x0000000783600000| Untracked 
|  55|0x0000000783700000, 0x0000000783700000, 0x0000000783800000|  0%| F|  |TAMS 0x0000000783700000, 0x0000000783700000| Untracked 
|  56|0x0000000783800000, 0x0000000783800000, 0x0000000783900000|  0%| F|  |TAMS 0x0000000783800000, 0x0000000783800000| Untracked 
|  57|0x0000000783900000, 0x0000000783900000, 0x0000000783a00000|  0%| F|  |TAMS 0x0000000783900000, 0x0000000783900000| Untracked 
|  58|0x0000000783a00000, 0x0000000783a00000, 0x0000000783b00000|  0%| F|  |TAMS 0x0000000783a00000, 0x0000000783a00000| Untracked 
|  59|0x0000000783b00000, 0x0000000783b00000, 0x0000000783c00000|  0%| F|  |TAMS 0x0000000783b00000, 0x0000000783b00000| Untracked 
|  60|0x0000000783c00000, 0x0000000783c00000, 0x0000000783d00000|  0%| F|  |TAMS 0x0000000783c00000, 0x0000000783c00000| Untracked 
|  61|0x0000000783d00000, 0x0000000783d00000, 0x0000000783e00000|  0%| F|  |TAMS 0x0000000783d00000, 0x0000000783d00000| Untracked 
|  62|0x0000000783e00000, 0x0000000783e00000, 0x0000000783f00000|  0%| F|  |TAMS 0x0000000783e00000, 0x0000000783e00000| Untracked 
|  63|0x0000000783f00000, 0x0000000783f00000, 0x0000000784000000|  0%| F|  |TAMS 0x0000000783f00000, 0x0000000783f00000| Untracked 
|  64|0x0000000784000000, 0x0000000784000000, 0x0000000784100000|  0%| F|  |TAMS 0x0000000784000000, 0x0000000784000000| Untracked 
|  65|0x0000000784100000, 0x0000000784100000, 0x0000000784200000|  0%| F|  |TAMS 0x0000000784100000, 0x0000000784100000| Untracked 
|  66|0x0000000784200000, 0x0000000784200000, 0x0000000784300000|  0%| F|  |TAMS 0x0000000784200000, 0x0000000784200000| Untracked 
|  67|0x0000000784300000, 0x0000000784300000, 0x0000000784400000|  0%| F|  |TAMS 0x0000000784300000, 0x0000000784300000| Untracked 
|  68|0x0000000784400000, 0x0000000784400000, 0x0000000784500000|  0%| F|  |TAMS 0x0000000784400000, 0x0000000784400000| Untracked 
|  69|0x0000000784500000, 0x0000000784500000, 0x0000000784600000|  0%| F|  |TAMS 0x0000000784500000, 0x0000000784500000| Untracked 
|  70|0x0000000784600000, 0x0000000784600000, 0x0000000784700000|  0%| F|  |TAMS 0x0000000784600000, 0x0000000784600000| Untracked 
|  71|0x0000000784700000, 0x0000000784700000, 0x0000000784800000|  0%| F|  |TAMS 0x0000000784700000, 0x0000000784700000| Untracked 
|  72|0x0000000784800000, 0x0000000784800000, 0x0000000784900000|  0%| F|  |TAMS 0x0000000784800000, 0x0000000784800000| Untracked 
|  73|0x0000000784900000, 0x0000000784900000, 0x0000000784a00000|  0%| F|  |TAMS 0x0000000784900000, 0x0000000784900000| Untracked 
|  74|0x0000000784a00000, 0x0000000784a00000, 0x0000000784b00000|  0%| F|  |TAMS 0x0000000784a00000, 0x0000000784a00000| Untracked 
|  75|0x0000000784b00000, 0x0000000784b00000, 0x0000000784c00000|  0%| F|  |TAMS 0x0000000784b00000, 0x0000000784b00000| Untracked 
|  76|0x0000000784c00000, 0x0000000784c00000, 0x0000000784d00000|  0%| F|  |TAMS 0x0000000784c00000, 0x0000000784c00000| Untracked 
|  77|0x0000000784d00000, 0x0000000784d00000, 0x0000000784e00000|  0%| F|  |TAMS 0x0000000784d00000, 0x0000000784d00000| Untracked 
|  78|0x0000000784e00000, 0x0000000784e00000, 0x0000000784f00000|  0%| F|  |TAMS 0x0000000784e00000, 0x0000000784e00000| Untracked 
|  79|0x0000000784f00000, 0x0000000784f00000, 0x0000000785000000|  0%| F|  |TAMS 0x0000000784f00000, 0x0000000784f00000| Untracked 
|  80|0x0000000785000000, 0x0000000785000000, 0x0000000785100000|  0%| F|  |TAMS 0x0000000785000000, 0x0000000785000000| Untracked 
|  81|0x0000000785100000, 0x0000000785100000, 0x0000000785200000|  0%| F|  |TAMS 0x0000000785100000, 0x0000000785100000| Untracked 
|  82|0x0000000785200000, 0x0000000785200000, 0x0000000785300000|  0%| F|  |TAMS 0x0000000785200000, 0x0000000785200000| Untracked 
|  83|0x0000000785300000, 0x0000000785300000, 0x0000000785400000|  0%| F|  |TAMS 0x0000000785300000, 0x0000000785300000| Untracked 
|  84|0x0000000785400000, 0x0000000785400000, 0x0000000785500000|  0%| F|  |TAMS 0x0000000785400000, 0x0000000785400000| Untracked 
|  85|0x0000000785500000, 0x0000000785500000, 0x0000000785600000|  0%| F|  |TAMS 0x0000000785500000, 0x0000000785500000| Untracked 
|  86|0x0000000785600000, 0x0000000785600000, 0x0000000785700000|  0%| F|  |TAMS 0x0000000785600000, 0x0000000785600000| Untracked 
|  87|0x0000000785700000, 0x0000000785700000, 0x0000000785800000|  0%| F|  |TAMS 0x0000000785700000, 0x0000000785700000| Untracked 
|  88|0x0000000785800000, 0x0000000785800000, 0x0000000785900000|  0%| F|  |TAMS 0x0000000785800000, 0x0000000785800000| Untracked 
|  89|0x0000000785900000, 0x0000000785900000, 0x0000000785a00000|  0%| F|  |TAMS 0x0000000785900000, 0x0000000785900000| Untracked 
|  90|0x0000000785a00000, 0x0000000785a00000, 0x0000000785b00000|  0%| F|  |TAMS 0x0000000785a00000, 0x0000000785a00000| Untracked 
|  91|0x0000000785b00000, 0x0000000785b00000, 0x0000000785c00000|  0%| F|  |TAMS 0x0000000785b00000, 0x0000000785b00000| Untracked 
|  92|0x0000000785c00000, 0x0000000785c00000, 0x0000000785d00000|  0%| F|  |TAMS 0x0000000785c00000, 0x0000000785c00000| Untracked 
|  93|0x0000000785d00000, 0x0000000785d00000, 0x0000000785e00000|  0%| F|  |TAMS 0x0000000785d00000, 0x0000000785d00000| Untracked 
|  94|0x0000000785e00000, 0x0000000785e00000, 0x0000000785f00000|  0%| F|  |TAMS 0x0000000785e00000, 0x0000000785e00000| Untracked 
|  95|0x0000000785f00000, 0x0000000785f00000, 0x0000000786000000|  0%| F|  |TAMS 0x0000000785f00000, 0x0000000785f00000| Untracked 
|  96|0x0000000786000000, 0x0000000786000000, 0x0000000786100000|  0%| F|  |TAMS 0x0000000786000000, 0x0000000786000000| Untracked 
|  97|0x0000000786100000, 0x0000000786100000, 0x0000000786200000|  0%| F|  |TAMS 0x0000000786100000, 0x0000000786100000| Untracked 
|  98|0x0000000786200000, 0x0000000786200000, 0x0000000786300000|  0%| F|  |TAMS 0x0000000786200000, 0x0000000786200000| Untracked 
|  99|0x0000000786300000, 0x0000000786300000, 0x0000000786400000|  0%| F|  |TAMS 0x0000000786300000, 0x0000000786300000| Untracked 
| 100|0x0000000786400000, 0x0000000786400000, 0x0000000786500000|  0%| F|  |TAMS 0x0000000786400000, 0x0000000786400000| Untracked 
| 101|0x0000000786500000, 0x0000000786500000, 0x0000000786600000|  0%| F|  |TAMS 0x0000000786500000, 0x0000000786500000| Untracked 
| 102|0x0000000786600000, 0x0000000786700000, 0x0000000786700000|100%| S|CS|TAMS 0x0000000786600000, 0x0000000786600000| Complete 
| 103|0x0000000786700000, 0x0000000786800000, 0x0000000786800000|100%| S|CS|TAMS 0x0000000786700000, 0x0000000786700000| Complete 
| 104|0x0000000786800000, 0x0000000786900000, 0x0000000786900000|100%| S|CS|TAMS 0x0000000786800000, 0x0000000786800000| Complete 
| 105|0x0000000786900000, 0x0000000786900000, 0x0000000786a00000|  0%| F|  |TAMS 0x0000000786900000, 0x0000000786900000| Untracked 
| 106|0x0000000786a00000, 0x0000000786a00000, 0x0000000786b00000|  0%| F|  |TAMS 0x0000000786a00000, 0x0000000786a00000| Untracked 
| 107|0x0000000786b00000, 0x0000000786b00000, 0x0000000786c00000|  0%| F|  |TAMS 0x0000000786b00000, 0x0000000786b00000| Untracked 
| 108|0x0000000786c00000, 0x0000000786c00000, 0x0000000786d00000|  0%| F|  |TAMS 0x0000000786c00000, 0x0000000786c00000| Untracked 
| 109|0x0000000786d00000, 0x0000000786d00000, 0x0000000786e00000|  0%| F|  |TAMS 0x0000000786d00000, 0x0000000786d00000| Untracked 
| 110|0x0000000786e00000, 0x0000000786e00000, 0x0000000786f00000|  0%| F|  |TAMS 0x0000000786e00000, 0x0000000786e00000| Untracked 
| 111|0x0000000786f00000, 0x0000000786f00000, 0x0000000787000000|  0%| F|  |TAMS 0x0000000786f00000, 0x0000000786f00000| Untracked 
| 112|0x0000000787000000, 0x0000000787000000, 0x0000000787100000|  0%| F|  |TAMS 0x0000000787000000, 0x0000000787000000| Untracked 
| 113|0x0000000787100000, 0x0000000787100000, 0x0000000787200000|  0%| F|  |TAMS 0x0000000787100000, 0x0000000787100000| Untracked 
| 114|0x0000000787200000, 0x0000000787200000, 0x0000000787300000|  0%| F|  |TAMS 0x0000000787200000, 0x0000000787200000| Untracked 
| 115|0x0000000787300000, 0x0000000787300000, 0x0000000787400000|  0%| F|  |TAMS 0x0000000787300000, 0x0000000787300000| Untracked 
| 116|0x0000000787400000, 0x0000000787400000, 0x0000000787500000|  0%| F|  |TAMS 0x0000000787400000, 0x0000000787400000| Untracked 
| 117|0x0000000787500000, 0x0000000787500000, 0x0000000787600000|  0%| F|  |TAMS 0x0000000787500000, 0x0000000787500000| Untracked 
| 118|0x0000000787600000, 0x0000000787600000, 0x0000000787700000|  0%| F|  |TAMS 0x0000000787600000, 0x0000000787600000| Untracked 
| 119|0x0000000787700000, 0x0000000787700000, 0x0000000787800000|  0%| F|  |TAMS 0x0000000787700000, 0x0000000787700000| Untracked 
| 120|0x0000000787800000, 0x0000000787800000, 0x0000000787900000|  0%| F|  |TAMS 0x0000000787800000, 0x0000000787800000| Untracked 
| 121|0x0000000787900000, 0x0000000787900000, 0x0000000787a00000|  0%| F|  |TAMS 0x0000000787900000, 0x0000000787900000| Untracked 
| 122|0x0000000787a00000, 0x0000000787a00000, 0x0000000787b00000|  0%| F|  |TAMS 0x0000000787a00000, 0x0000000787a00000| Untracked 
| 123|0x0000000787b00000, 0x0000000787b00000, 0x0000000787c00000|  0%| F|  |TAMS 0x0000000787b00000, 0x0000000787b00000| Untracked 
| 124|0x0000000787c00000, 0x0000000787c00000, 0x0000000787d00000|  0%| F|  |TAMS 0x0000000787c00000, 0x0000000787c00000| Untracked 
| 125|0x0000000787d00000, 0x0000000787d00000, 0x0000000787e00000|  0%| F|  |TAMS 0x0000000787d00000, 0x0000000787d00000| Untracked 
| 126|0x0000000787e00000, 0x0000000787f00000, 0x0000000787f00000|100%| E|  |TAMS 0x0000000787e00000, 0x0000000787e00000| Complete 
| 127|0x0000000787f00000, 0x0000000788000000, 0x0000000788000000|100%| E|CS|TAMS 0x0000000787f00000, 0x0000000787f00000| Complete 
|2046|0x00000007ffe00000, 0x00000007ffe78000, 0x00000007fff00000| 46%|OA|  |TAMS 0x00000007ffe00000, 0x00000007ffe00000| Untracked 
|2047|0x00000007fff00000, 0x00000007fff80000, 0x0000000800000000| 50%|CA|  |TAMS 0x00000007fff00000, 0x00000007fff00000| Untracked 

Card table byte_map: [0x0000000110ec4000,0x00000001112c4000] _byte_map_base: 0x000000010d2c4000

Marking Bits (Prev, Next): (CMBitMap*) 0x0000000140909010, (CMBitMap*) 0x0000000140909050
 Prev Bits: [0x00000001116c4000, 0x00000001136c4000)
 Next Bits: [0x00000001136c4000, 0x00000001156c4000)

Polling page: 0x0000000104400000

Metaspace:

Usage:
  Non-class:      3.64 MB used.
      Class:    517.22 KB used.
       Both:      4.14 MB used.

Virtual space:
  Non-class space:        8.00 MB reserved,       3.69 MB ( 46%) committed,  1 nodes.
      Class space:        1.00 GB reserved,     640.00 KB ( <1%) committed,  1 nodes.
             Both:        1.01 GB reserved,       4.31 MB ( <1%) committed. 

Chunk freelists:
   Non-Class:  3.89 MB
       Class:  3.24 MB
        Both:  7.13 MB

MaxMetaspaceSize: unlimited
CompressedClassSpaceSize: 1.00 GB
Initial GC threshold: 21.00 MB
Current GC threshold: 21.00 MB
CDS: on
MetaspaceReclaimPolicy: balanced
 - commit_granule_bytes: 65536.
 - commit_granule_words: 8192.
 - virtual_space_node_default_size: 1048576.
 - enlarge_chunks_in_place: 1.
 - new_chunks_are_fully_committed: 0.
 - uncommit_free_chunks: 1.
 - use_allocation_guard: 0.
 - handle_deallocations: 1.


Internal statistics:

num_allocs_failed_limit: 0.
num_arena_births: 92.
num_arena_deaths: 0.
num_vsnodes_births: 2.
num_vsnodes_deaths: 0.
num_space_committed: 69.
num_space_uncommitted: 0.
num_chunks_returned_to_freelist: 0.
num_chunks_taken_from_freelist: 115.
num_chunk_merges: 0.
num_chunk_splits: 65.
num_chunks_enlarged: 31.
num_purges: 0.
num_inconsistent_stats: 0.

CodeCache: size=49152Kb used=3309Kb max_used=3309Kb free=45843Kb
 bounds [0x000000010dac4000, 0x000000010de04000, 0x0000000110ac4000]
 total_blobs=1636 nmethods=1196 adapters=371
 compilation: enabled
              stopped_count=0, restarted_count=0
 full_count=0

Compilation events (20 events):
Event: 1.736 Thread 0x000000014099ac00 nmethod 1179 0x000000010ddf7910 code [0x000000010ddf7a80, 0x000000010ddf7b58]
Event: 1.736 Thread 0x000000014099ac00 1174       1       java.lang.String::compareTo (9 bytes)
Event: 1.736 Thread 0x000000014099ac00 nmethod 1174 0x000000010ddf7c10 code [0x000000010ddf7dc0, 0x000000010ddf7ef8]
Event: 1.736 Thread 0x000000014099ac00 1175       1       java.util.TreeMap::put (8 bytes)
Event: 1.736 Thread 0x000000014099ac00 nmethod 1175 0x000000010ddf8410 code [0x000000010ddf85c0, 0x000000010ddf86b8]
Event: 1.736 Thread 0x000000014099ac00 1176       1       java.util.TreeMap$Entry::<init> (25 bytes)
Event: 1.736 Thread 0x000000014099ac00 nmethod 1176 0x000000010ddf8790 code [0x000000010ddf8940, 0x000000010ddf8b18]
Event: 1.736 Thread 0x000000014099ac00 1178       1       java.util.TreeMap$PrivateEntryIterator::nextEntry (54 bytes)
Event: 1.736 Thread 0x000000014099ac00 nmethod 1178 0x000000010ddf8c10 code [0x000000010ddf8dc0, 0x000000010ddf8ff8]
Event: 1.736 Thread 0x000000014099ac00 1177       1       java.util.TreeMap::size (5 bytes)
Event: 1.736 Thread 0x000000014099ac00 nmethod 1177 0x000000010ddf9290 code [0x000000010ddf9400, 0x000000010ddf9498]
Event: 1.736 Thread 0x000000014099ac00 1173       1       javax.management.openmbean.OpenType::getClassName (5 bytes)
Event: 1.736 Thread 0x000000014099ac00 nmethod 1173 0x000000010ddf9590 code [0x000000010ddf9700, 0x000000010ddf9798]
Event: 1.736 Thread 0x000000014099ac00 1181       1       java.lang.invoke.LambdaForm$Name::type (5 bytes)
Event: 1.736 Thread 0x000000014099ac00 nmethod 1181 0x000000010ddf9b90 code [0x000000010ddf9d00, 0x000000010ddf9d98]
Event: 1.737 Thread 0x000000014099ac00 1188       1       java.lang.invoke.LambdaForm$Name::useCount (51 bytes)
Event: 1.737 Thread 0x000000014099ac00 nmethod 1188 0x000000010ddfb990 code [0x000000010ddfbb40, 0x000000010ddfbc98]
Event: 1.737 Thread 0x000000014099ac00 1189       1       java.lang.invoke.MethodHandles$Lookup::isClassAccessible (53 bytes)
Event: 1.737 Thread 0x000000014099ac00 nmethod 1189 0x000000010ddfc190 code [0x000000010ddfc340, 0x000000010ddfc5d8]
Event: 1.737 Thread 0x000000014099ac00 1195       1       jdk.internal.org.objectweb.asm.MethodWriter::visitLdcInsn (215 bytes)

GC Heap History (2 events):
Event: 1.703 GC heap before
{Heap before GC invocations=0 (full 0):
 garbage-first heap   total 133120K, used 24544K [0x0000000780000000, 0x0000000800000000)
  region size 1024K, 23 young (23552K), 0 survivors (0K)
 Metaspace       used 3082K, committed 3264K, reserved 1056768K
  class space    used 377K, committed 448K, reserved 1048576K
}
Event: 1.706 GC heap after
{Heap after GC invocations=1 (full 0):
 garbage-first heap   total 133120K, used 7772K [0x0000000780000000, 0x0000000800000000)
  region size 1024K, 3 young (3072K), 3 survivors (3072K)
 Metaspace       used 3082K, committed 3264K, reserved 1056768K
  class space    used 377K, committed 448K, reserved 1048576K
}

Deoptimization events (6 events):
Event: 1.635 Thread 0x00000001408e7800 DEOPT PACKING pc=0x000000010dcf3e18 sp=0x000000016bce4970
Event: 1.635 Thread 0x00000001408e7800 DEOPT UNPACKING pc=0x000000010db02b7c sp=0x000000016bce4660 mode 3
Event: 1.640 Thread 0x00000001408e7800 DEOPT PACKING pc=0x000000010dcb820c sp=0x000000016bce5a20
Event: 1.640 Thread 0x00000001408e7800 DEOPT UNPACKING pc=0x000000010db02b7c sp=0x000000016bce5790 mode 3
Event: 1.670 Thread 0x00000001408e7800 DEOPT PACKING pc=0x000000010dd76074 sp=0x000000016bce43c0
Event: 1.670 Thread 0x00000001408e7800 DEOPT UNPACKING pc=0x000000010db02b7c sp=0x000000016bce4080 mode 3

Classes unloaded (0 events):
No events

Classes redefined (20 events):
Event: 1.680 Thread 0x0000000120668aa0 redefined class name=sun.nio.ch.SocketChannelImpl, count=1
Event: 1.680 Thread 0x0000000120668aa0 redefined class name=java.lang.Throwable, count=1
Event: 1.680 Thread 0x0000000120668aa0 redefined class name=java.lang.Error, count=2
Event: 1.708 Thread 0x0000000120668aa0 redefined class name=jdk.internal.event.ProcessStartEvent, count=1
Event: 1.708 Thread 0x0000000120668aa0 redefined class name=jdk.jfr.events.ContainerIOUsageEvent, count=1
Event: 1.708 Thread 0x0000000120668aa0 redefined class name=jdk.jfr.events.ContainerMemoryUsageEvent, count=1
Event: 1.708 Thread 0x0000000120668aa0 redefined class name=jdk.jfr.events.ContainerCPUThrottlingEvent, count=1
Event: 1.708 Thread 0x0000000120668aa0 redefined class name=jdk.jfr.events.ContainerCPUUsageEvent, count=1
Event: 1.708 Thread 0x0000000120668aa0 redefined class name=jdk.jfr.events.ContainerConfigurationEvent, count=1
Event: 1.708 Thread 0x0000000120668aa0 redefined class name=jdk.jfr.events.InitialSecurityPropertyEvent, count=1
Event: 1.708 Thread 0x0000000120668aa0 redefined class name=jdk.jfr.events.DirectBufferStatisticsEvent, count=1
Event: 1.708 Thread 0x0000000120668aa0 redefined class name=jdk.jfr.events.ActiveRecordingEvent, count=1
Event: 1.708 Thread 0x0000000120668aa0 redefined class name=jdk.jfr.events.ActiveSettingEvent, count=1
Event: 1.708 Thread 0x0000000120668aa0 redefined class name=jdk.jfr.events.ErrorThrownEvent, count=1
Event: 1.708 Thread 0x0000000120668aa0 redefined class name=jdk.jfr.events.ExceptionStatisticsEvent, count=1
Event: 1.708 Thread 0x0000000120668aa0 redefined class name=jdk.jfr.events.SocketWriteEvent, count=1
Event: 1.708 Thread 0x0000000120668aa0 redefined class name=jdk.jfr.events.SocketReadEvent, count=1
Event: 1.708 Thread 0x0000000120668aa0 redefined class name=jdk.jfr.events.FileWriteEvent, count=1
Event: 1.708 Thread 0x0000000120668aa0 redefined class name=jdk.jfr.events.FileReadEvent, count=1
Event: 1.708 Thread 0x0000000120668aa0 redefined class name=jdk.jfr.events.FileForceEvent, count=1

Internal exceptions (20 events):
Event: 1.638 Thread 0x00000001408e7800 Exception <a 'java/lang/ClassNotFoundException'{0x00000007874f6c90}: jdk/jfr/internal/handlers/EventHandler1459_1692599117324-40630> (0x00000007874f6c90) 
thrown [open/src/hotspot/share/classfile/systemDictionary.cpp, line 256]
Event: 1.639 Thread 0x00000001408e7800 Exception <a 'java/lang/ClassNotFoundException'{0x0000000787319a98}: jdk/jfr/internal/handlers/EventHandler1461_1692599117324-40630> (0x0000000787319a98) 
thrown [open/src/hotspot/share/classfile/systemDictionary.cpp, line 256]
Event: 1.639 Thread 0x00000001408e7800 Exception <a 'java/lang/ClassNotFoundException'{0x000000078732bfa0}: jdk/jfr/internal/handlers/EventHandler1463_1692599117324-40630> (0x000000078732bfa0) 
thrown [open/src/hotspot/share/classfile/systemDictionary.cpp, line 256]
Event: 1.640 Thread 0x00000001408e7800 Exception <a 'java/lang/ClassNotFoundException'{0x000000078733bf98}: jdk/jfr/internal/handlers/EventHandler1465_1692599117324-40630> (0x000000078733bf98) 
thrown [open/src/hotspot/share/classfile/systemDictionary.cpp, line 256]
Event: 1.640 Thread 0x00000001408e7800 Exception <a 'java/lang/ClassNotFoundException'{0x0000000787348ee8}: jdk/jfr/internal/handlers/EventHandler1467_1692599117324-40630> (0x0000000787348ee8) 
thrown [open/src/hotspot/share/classfile/systemDictionary.cpp, line 256]
Event: 1.641 Thread 0x00000001408e7800 Exception <a 'java/lang/ClassNotFoundException'{0x00000007873701e8}: jdk/jfr/internal/handlers/EventHandler1469_1692599117324-40630> (0x00000007873701e8) 
thrown [open/src/hotspot/share/classfile/systemDictionary.cpp, line 256]
Event: 1.642 Thread 0x00000001408e7800 Exception <a 'java/lang/ClassNotFoundException'{0x0000000787384d88}: jdk/jfr/internal/handlers/EventHandler1471_1692599117324-40630> (0x0000000787384d88) 
thrown [open/src/hotspot/share/classfile/systemDictionary.cpp, line 256]
Event: 1.642 Thread 0x00000001408e7800 Exception <a 'java/lang/ClassNotFoundException'{0x000000078739d590}: jdk/jfr/internal/handlers/EventHandler1473_1692599117324-40630> (0x000000078739d590) 
thrown [open/src/hotspot/share/classfile/systemDictionary.cpp, line 256]
Event: 1.643 Thread 0x00000001408e7800 Exception <a 'java/lang/ClassNotFoundException'{0x00000007873ad798}: jdk/jfr/internal/handlers/EventHandler1476_1692599117324-40630> (0x00000007873ad798) 
thrown [open/src/hotspot/share/classfile/systemDictionary.cpp, line 256]
Event: 1.643 Thread 0x00000001408e7800 Exception <a 'java/lang/ClassNotFoundException'{0x00000007873b90f8}: jdk/jfr/internal/handlers/EventHandler1478_1692599117324-40630> (0x00000007873b90f8) 
thrown [open/src/hotspot/share/classfile/systemDictionary.cpp, line 256]
Event: 1.644 Thread 0x00000001408e7800 Exception <a 'java/lang/ClassNotFoundException'{0x00000007873cfb80}: jdk/jfr/internal/handlers/EventHandler1743_1692599117324-40630> (0x00000007873cfb80) 
thrown [open/src/hotspot/share/classfile/systemDictionary.cpp, line 256]
Event: 1.645 Thread 0x00000001408e7800 Exception <a 'java/lang/ClassNotFoundException'{0x00000007873df690}: jdk/jfr/internal/handlers/EventHandler1746_1692599117324-40630> (0x00000007873df690) 
thrown [open/src/hotspot/share/classfile/systemDictionary.cpp, line 256]
Event: 1.645 Thread 0x00000001408e7800 Exception <a 'java/lang/ClassNotFoundException'{0x00000007873ed008}: jdk/jfr/internal/handlers/EventHandler1749_1692599117324-40630> (0x00000007873ed008) 
thrown [open/src/hotspot/share/classfile/systemDictionary.cpp, line 256]
Event: 1.645 Thread 0x00000001408e7800 Exception <a 'java/lang/ClassNotFoundException'{0x00000007873fb088}: jdk/jfr/internal/handlers/EventHandler1752_1692599117324-40630> (0x00000007873fb088) 
thrown [open/src/hotspot/share/classfile/systemDictionary.cpp, line 256]
Event: 1.646 Thread 0x00000001408e7800 Exception <a 'java/lang/ClassNotFoundException'{0x00000007872077c8}: jdk/jfr/internal/handlers/EventHandler1755_1692599117324-40630> (0x00000007872077c8) 
thrown [open/src/hotspot/share/classfile/systemDictionary.cpp, line 256]
Event: 1.682 Thread 0x00000001408e7800 Exception <a 'java/lang/NoSuchMethodError'{0x0000000786c04a30}: 'void java.lang.invoke.DirectMethodHandle$Holder.invokeStatic(java.lang.Object, java.lang.Object, int)'> (0x0000000786c04a30) 
thrown [open/src/hotspot/share/interpreter/linkResolver.cpp, line 759]
Event: 1.682 Thread 0x00000001408e7800 Exception <a 'java/lang/NoSuchMethodError'{0x0000000786c0ab80}: 'java.lang.Object java.lang.invoke.DirectMethodHandle$Holder.newInvokeSpecial(java.lang.Object, java.lang.Object, int)'> (0x0000000786c0ab80) 
thrown [open/src/hotspot/share/interpreter/linkResolver.cpp, line 759]
Event: 1.690 Thread 0x00000001408e7800 Exception <a 'java/lang/NoSuchMethodError'{0x0000000786c3abd0}: 'void java.lang.invoke.DirectMethodHandle$Holder.invokeSpecial(java.lang.Object, java.lang.Object, java.lang.Object)'> (0x0000000786c3abd0) 
thrown [open/src/hotspot/share/interpreter/linkResolver.cpp, line 759]
Event: 1.726 Thread 0x00000001408e7800 Exception <a 'java/lang/NoSuchMethodError'{0x0000000787e6a8c8}: 'int java.lang.invoke.DirectMethodHandle$Holder.invokeInterface(java.lang.Object, java.lang.Object)'> (0x0000000787e6a8c8) 
thrown [open/src/hotspot/share/interpreter/linkResolver.cpp, line 759]
Event: 1.726 Thread 0x00000001408e7800 Exception <a 'java/lang/IncompatibleClassChangeError'{0x0000000787e6ddb0}: Found class java.lang.Object, but interface was expected> (0x0000000787e6ddb0) 
thrown [open/src/hotspot/share/interpreter/linkResolver.cpp, line 826]

VM Operations (20 events):
Event: 1.581 Executing VM operation: HandshakeAllThreads
Event: 1.581 Executing VM operation: HandshakeAllThreads done
Event: 1.630 Executing VM operation: ICBufferFull
Event: 1.630 Executing VM operation: ICBufferFull done
Event: 1.678 Executing VM operation: ICBufferFull
Event: 1.678 Executing VM operation: ICBufferFull done
Event: 1.679 Executing VM operation: RedefineClasses
Event: 1.681 Executing VM operation: RedefineClasses done
Event: 1.687 Executing VM operation: HandshakeAllThreads
Event: 1.688 Executing VM operation: HandshakeAllThreads done
Event: 1.698 Executing VM operation: JFRCheckpoint
Event: 1.698 Executing VM operation: JFRCheckpoint done
Event: 1.699 Executing VM operation: JFROldObject
Event: 1.699 Executing VM operation: JFROldObject done
Event: 1.703 Executing VM operation: G1CollectForAllocation
Event: 1.706 Executing VM operation: G1CollectForAllocation done
Event: 1.708 Executing VM operation: RedefineClasses
Event: 1.709 Executing VM operation: RedefineClasses done
Event: 1.712 Executing VM operation: ClassLoaderStatsOperation
Event: 1.712 Executing VM operation: ClassLoaderStatsOperation done

Events (20 events):
Event: 1.735 loading class com/sun/management/ThreadMXBean done
Event: 1.735 loading class sun/management/ThreadImpl
Event: 1.735 loading class sun/management/ThreadImpl done
Event: 1.735 loading class com/sun/management/internal/HotSpotThreadImpl done
Event: 1.735 loading class java/lang/management/ThreadInfo
Event: 1.735 loading class java/lang/management/ThreadInfo done
Event: 1.735 loading class java/lang/Thread$State
Event: 1.735 loading class java/lang/Thread$State done
Event: 1.735 loading class java/lang/management/LockInfo
Event: 1.735 loading class java/lang/management/LockInfo done
Event: 1.735 loading class java/lang/management/MonitorInfo
Event: 1.735 loading class java/lang/management/MonitorInfo done
Event: 1.736 loading class com/sun/jmx/mbeanserver/DefaultMXBeanMappingFactory$CompositeMapping
Event: 1.736 loading class com/sun/jmx/mbeanserver/DefaultMXBeanMappingFactory$CompositeMapping done
Event: 1.736 loading class com/sun/jmx/mbeanserver/DefaultMXBeanMappingFactory$ArrayMapping
Event: 1.736 loading class com/sun/jmx/mbeanserver/DefaultMXBeanMappingFactory$ArrayMapping done
Event: 1.736 loading class com/sun/jmx/mbeanserver/DefaultMXBeanMappingFactory$EnumMapping
Event: 1.736 loading class com/sun/jmx/mbeanserver/DefaultMXBeanMappingFactory$EnumMapping done
Event: 1.736 loading class javax/management/MBeanParameterInfo
Event: 1.736 loading class javax/management/MBeanParameterInfo done


Dynamic libraries:
0x0000000104460000 	/Library/Java/JavaVirtualMachines/jdk-17.jdk/Contents/Home/lib/libjli.dylib
0x00000001bc460000 	/System/Library/Frameworks/Cocoa.framework/Versions/A/Cocoa
0x00000001a8284000 	/System/Library/Frameworks/AppKit.framework/Versions/C/AppKit
0x00000001aac2c000 	/System/Library/Frameworks/CoreData.framework/Versions/A/CoreData
0x00000001a5ee5000 	/System/Library/Frameworks/Foundation.framework/Versions/C/Foundation
0x00000001b0610000 	/usr/lib/libSystem.B.dylib
0x00000001a9190000 	/System/Library/PrivateFrameworks/UIFoundation.framework/Versions/A/UIFoundation
0x0000000211715000 	/System/Library/PrivateFrameworks/CollectionViewCore.framework/Versions/A/CollectionViewCore
0x00000001b68cc000 	/System/Library/PrivateFrameworks/RemoteViewServices.framework/Versions/A/RemoteViewServices
0x00000001aea32000 	/System/Library/PrivateFrameworks/XCTTargetBootstrap.framework/Versions/A/XCTTargetBootstrap
0x00000001b23a6000 	/System/Library/PrivateFrameworks/InternationalSupport.framework/Versions/A/InternationalSupport
0x00000001b242d000 	/System/Library/PrivateFrameworks/UserActivity.framework/Versions/A/UserActivity
0x000000022892e000 	/System/Library/PrivateFrameworks/WindowManagement.framework/Versions/A/WindowManagement
0x00000001a5bae000 	/System/Library/Frameworks/SystemConfiguration.framework/Versions/A/SystemConfiguration
0x00000001b18aa000 	/usr/lib/libspindump.dylib
0x00000001a9336000 	/System/Library/Frameworks/UniformTypeIdentifiers.framework/Versions/A/UniformTypeIdentifiers
0x00000001acd45000 	/usr/lib/libapp_launch_measurement.dylib
0x00000001ac1f3000 	/System/Library/PrivateFrameworks/CoreAnalytics.framework/Versions/A/CoreAnalytics
0x00000001acd4c000 	/System/Library/PrivateFrameworks/CoreAutoLayout.framework/Versions/A/CoreAutoLayout
0x00000001ae240000 	/System/Library/Frameworks/Metal.framework/Versions/A/Metal
0x00000001af191000 	/usr/lib/liblangid.dylib
0x00000001aea38000 	/System/Library/PrivateFrameworks/CoreSVG.framework/Versions/A/CoreSVG
0x00000001a9c5e000 	/System/Library/PrivateFrameworks/SkyLight.framework/Versions/A/SkyLight
0x00000001aa076000 	/System/Library/Frameworks/CoreGraphics.framework/Versions/A/CoreGraphics
0x00000001b6f97000 	/System/Library/Frameworks/Accelerate.framework/Versions/A/Accelerate
0x00000001b1318000 	/System/Library/PrivateFrameworks/IconServices.framework/Versions/A/IconServices
0x00000001ae220000 	/System/Library/Frameworks/IOSurface.framework/Versions/A/IOSurface
0x00000001ac221000 	/usr/lib/libDiagnosticMessagesClient.dylib
0x00000001b0556000 	/usr/lib/libz.1.dylib
0x00000001ba233000 	/System/Library/Frameworks/ApplicationServices.framework/Versions/A/ApplicationServices
0x00000001aea1a000 	/System/Library/PrivateFrameworks/DFRFoundation.framework/Versions/A/DFRFoundation
0x00000001a7b02000 	/usr/lib/libicucore.A.dylib
0x00000001b3337000 	/System/Library/Frameworks/AudioToolbox.framework/Versions/A/AudioToolbox
0x00000001b23b1000 	/System/Library/PrivateFrameworks/DataDetectorsCore.framework/Versions/A/DataDetectorsCore
0x00000001c953f000 	/System/Library/PrivateFrameworks/TextInput.framework/Versions/A/TextInput
0x00000001a9bc3000 	/usr/lib/libMobileGestalt.dylib
0x00000001ae6e6000 	/System/Library/Frameworks/Carbon.framework/Versions/A/Frameworks/HIToolbox.framework/Versions/A/HIToolbox
0x00000001ac6cc000 	/System/Library/Frameworks/QuartzCore.framework/Versions/A/QuartzCore
0x00000001a775d000 	/System/Library/Frameworks/Security.framework/Versions/A/Security
0x00000001b690c000 	/System/Library/Frameworks/Carbon.framework/Versions/A/Frameworks/SpeechRecognition.framework/Versions/A/SpeechRecognition
0x00000001aca84000 	/System/Library/PrivateFrameworks/CoreUI.framework/Versions/A/CoreUI
0x00000001a7055000 	/System/Library/Frameworks/CoreAudio.framework/Versions/A/CoreAudio
0x00000001ac2fd000 	/System/Library/Frameworks/DiskArbitration.framework/Versions/A/DiskArbitration
0x00000001b1cde000 	/System/Library/PrivateFrameworks/MultitouchSupport.framework/Versions/A/MultitouchSupport
0x00000001a9bc1000 	/usr/lib/libenergytrace.dylib
0x00000001a8147000 	/System/Library/Frameworks/IOKit.framework/Versions/A/IOKit
0x00000001b6cf3000 	/System/Library/Frameworks/CoreServices.framework/Versions/A/CoreServices
0x00000001accd2000 	/System/Library/PrivateFrameworks/PerformanceAnalysis.framework/Versions/A/PerformanceAnalysis
0x00000001f449f000 	/System/Library/Frameworks/OpenGL.framework/Versions/A/OpenGL
0x00000001acd96000 	/usr/lib/libxml2.2.dylib
0x00000001afb65000 	/System/Library/PrivateFrameworks/MobileKeyBag.framework/Versions/A/MobileKeyBag
0x00000001a4be4000 	/usr/lib/libobjc.A.dylib
0x00000001a4e9a000 	/usr/lib/libc++.1.dylib
0x00000001aa6c1000 	/System/Library/Frameworks/ColorSync.framework/Versions/A/ColorSync
0x00000001a4fb8000 	/System/Library/Frameworks/CoreFoundation.framework/Versions/A/CoreFoundation
0x00000001aedb2000 	/System/Library/Frameworks/CoreImage.framework/Versions/A/CoreImage
0x00000001a6e76000 	/System/Library/Frameworks/CoreText.framework/Versions/A/CoreText
0x00000001aea71000 	/System/Library/Frameworks/ImageIO.framework/Versions/A/ImageIO
0x00000001b0616000 	/System/Library/PrivateFrameworks/SoftLinking.framework/Versions/A/SoftLinking
0x00000001b08aa000 	/usr/lib/libcompression.dylib
0x00000001b2302000 	/System/Library/PrivateFrameworks/TextureIO.framework/Versions/A/TextureIO
0x00000001b0fea000 	/usr/lib/libate.dylib
0x00000001b060a000 	/usr/lib/system/libcache.dylib
0x00000001b05c3000 	/usr/lib/system/libcommonCrypto.dylib
0x00000001b05f1000 	/usr/lib/system/libcompiler_rt.dylib
0x00000001b05e7000 	/usr/lib/system/libcopyfile.dylib
0x00000001a4d18000 	/usr/lib/system/libcorecrypto.dylib
0x00000001a4dce000 	/usr/lib/system/libdispatch.dylib
0x00000001a4f60000 	/usr/lib/system/libdyld.dylib
0x00000001b0600000 	/usr/lib/system/libkeymgr.dylib
0x00000001b05a1000 	/usr/lib/system/libmacho.dylib
0x00000001afc5f000 	/usr/lib/system/libquarantine.dylib
0x00000001b05fd000 	/usr/lib/system/libremovefile.dylib
0x00000001a9c28000 	/usr/lib/system/libsystem_asl.dylib
0x00000001a4cb5000 	/usr/lib/system/libsystem_blocks.dylib
0x00000001a4e19000 	/usr/lib/system/libsystem_c.dylib
0x00000001b05f5000 	/usr/lib/system/libsystem_collections.dylib
0x00000001af17f000 	/usr/lib/system/libsystem_configuration.dylib
0x00000001ae1ee000 	/usr/lib/system/libsystem_containermanager.dylib
0x00000001b02a0000 	/usr/lib/system/libsystem_coreservices.dylib
0x00000001a7db9000 	/usr/lib/system/libsystem_darwin.dylib
0x00000001b0601000 	/usr/lib/system/libsystem_dnssd.dylib
0x00000001a4e16000 	/usr/lib/system/libsystem_featureflags.dylib
0x00000001a4f8c000 	/usr/lib/system/libsystem_info.dylib
0x00000001b0568000 	/usr/lib/system/libsystem_m.dylib
0x00000001a4da2000 	/usr/lib/system/libsystem_malloc.dylib
0x00000001a9ba8000 	/usr/lib/system/libsystem_networkextension.dylib
0x00000001a8223000 	/usr/lib/system/libsystem_notify.dylib
0x00000001af184000 	/usr/lib/system/libsystem_sandbox.dylib
0x00000001b05fa000 	/usr/lib/system/libsystem_secinit.dylib
0x00000001a4f19000 	/usr/lib/system/libsystem_kernel.dylib
0x00000001a4f84000 	/usr/lib/system/libsystem_platform.dylib
0x00000001a4f53000 	/usr/lib/system/libsystem_pthread.dylib
0x00000001ab3fd000 	/usr/lib/system/libsystem_symptoms.dylib
0x00000001a4cfe000 	/usr/lib/system/libsystem_trace.dylib
0x00000001b05d4000 	/usr/lib/system/libunwind.dylib
0x00000001a4cba000 	/usr/lib/system/libxpc.dylib
0x00000001a4f01000 	/usr/lib/libc++abi.dylib
0x00000001b05df000 	/usr/lib/liboah.dylib
0x00000001b0ea7000 	/usr/lib/liblzma.5.dylib
0x00000001b0612000 	/usr/lib/libfakelink.dylib
0x00000001a97e6000 	/System/Library/Frameworks/CFNetwork.framework/Versions/A/CFNetwork
0x00000001b0751000 	/usr/lib/libarchive.2.dylib
0x00000001b4c46000 	/System/Library/Frameworks/Combine.framework/Versions/A/Combine
0x00000001b2d01000 	/usr/lib/swift/libswiftCore.dylib
0x00000001c6614000 	/usr/lib/swift/libswiftCoreFoundation.dylib
0x00000001c44d1000 	/usr/lib/swift/libswiftDarwin.dylib
0x00000001b820c000 	/usr/lib/swift/libswiftDispatch.dylib
0x00000001c6635000 	/usr/lib/swift/libswiftIOKit.dylib
0x00000001ba65e000 	/usr/lib/swift/libswiftObjectiveC.dylib
0x00000001c6628000 	/usr/lib/swift/libswiftXPC.dylib
0x000000022f166000 	/usr/lib/swift/libswift_Concurrency.dylib
0x000000022f2b8000 	/usr/lib/swift/libswift_StringProcessing.dylib
0x00000001ba662000 	/usr/lib/swift/libswiftos.dylib
0x00000001a80cc000 	/System/Library/PrivateFrameworks/CoreServicesInternal.framework/Versions/A/CoreServicesInternal
0x00000001afc8a000 	/usr/lib/libbsm.0.dylib
0x00000001b05a7000 	/usr/lib/system/libkxld.dylib
0x00000001acd0e000 	/System/Library/Frameworks/CoreServices.framework/Versions/A/Frameworks/FSEvents.framework/Versions/A/FSEvents
0x00000001a7dc4000 	/System/Library/Frameworks/CoreServices.framework/Versions/A/Frameworks/CarbonCore.framework/Versions/A/CarbonCore
0x00000001ac264000 	/System/Library/Frameworks/CoreServices.framework/Versions/A/Frameworks/Metadata.framework/Versions/A/Metadata
0x00000001b02a6000 	/System/Library/Frameworks/CoreServices.framework/Versions/A/Frameworks/OSServices.framework/Versions/A/OSServices
0x00000001b07d8000 	/System/Library/Frameworks/CoreServices.framework/Versions/A/Frameworks/SearchKit.framework/Versions/A/SearchKit
0x00000001ab380000 	/System/Library/Frameworks/CoreServices.framework/Versions/A/Frameworks/AE.framework/Versions/A/AE
0x00000001a5490000 	/System/Library/Frameworks/CoreServices.framework/Versions/A/Frameworks/LaunchServices.framework/Versions/A/LaunchServices
0x00000001b0e50000 	/System/Library/Frameworks/CoreServices.framework/Versions/A/Frameworks/DictionaryServices.framework/Versions/A/DictionaryServices
0x00000001acd1b000 	/System/Library/Frameworks/CoreServices.framework/Versions/A/Frameworks/SharedFileList.framework/Versions/A/SharedFileList
0x00000001b0877000 	/usr/lib/libapple_nghttp2.dylib
0x00000001a97e2000 	/usr/lib/libnetwork.dylib
0x00000001ab004000 	/usr/lib/libsqlite3.dylib
0x00000001ab406000 	/System/Library/Frameworks/Network.framework/Versions/A/Network
0x000000022e2b3000 	/usr/lib/libCoreEntitlements.dylib
0x000000021ad20000 	/System/Library/PrivateFrameworks/MessageSecurity.framework/Versions/A/MessageSecurity
0x00000001aafea000 	/System/Library/PrivateFrameworks/ProtocolBuffer.framework/Versions/A/ProtocolBuffer
0x00000001b0282000 	/System/Library/PrivateFrameworks/AppleFSCompression.framework/Versions/A/AppleFSCompression
0x00000001afc72000 	/usr/lib/libcoretls.dylib
0x00000001b0ec0000 	/usr/lib/libcoretls_cfhelpers.dylib
0x00000001b08a4000 	/usr/lib/libpam.2.dylib
0x00000001b0f28000 	/usr/lib/libxar.1.dylib
0x00000001b12f3000 	/usr/lib/libheimdal-asn1.dylib
0x00000001b0617000 	/usr/lib/libpcap.A.dylib
0x00000001ab3f3000 	/usr/lib/libdns_services.dylib
0x00000001af18c000 	/System/Library/PrivateFrameworks/AppleSystemInfo.framework/Versions/A/AppleSystemInfo
0x00000001af966000 	/System/Library/PrivateFrameworks/IOMobileFramebuffer.framework/Versions/A/IOMobileFramebuffer
0x00000001b0293000 	/usr/lib/libbz2.1.0.dylib
0x00000001afc62000 	/usr/lib/libCheckFix.dylib
0x00000001a9c40000 	/System/Library/PrivateFrameworks/TCC.framework/Versions/A/TCC
0x00000001af193000 	/System/Library/PrivateFrameworks/CoreNLP.framework/Versions/A/CoreNLP
0x00000001ac223000 	/System/Library/PrivateFrameworks/MetadataUtilities.framework/Versions/A/MetadataUtilities
0x00000001afc9b000 	/usr/lib/libmecab.dylib
0x00000001a5c38000 	/usr/lib/libCRFSuite.dylib
0x00000001afcf8000 	/usr/lib/libgermantok.dylib
0x00000001b0850000 	/usr/lib/libThaiTokenizer.dylib
0x00000001ac306000 	/System/Library/Frameworks/Accelerate.framework/Versions/A/Frameworks/vImage.framework/Versions/A/vImage
0x00000001b6cca000 	/System/Library/Frameworks/Accelerate.framework/Versions/A/Frameworks/vecLib.framework/Versions/A/vecLib
0x00000001b0f6e000 	/System/Library/Frameworks/Accelerate.framework/Versions/A/Frameworks/vecLib.framework/Versions/A/libvMisc.dylib
0x00000001af866000 	/System/Library/Frameworks/Accelerate.framework/Versions/A/Frameworks/vecLib.framework/Versions/A/libvDSP.dylib
0x00000001a5844000 	/System/Library/Frameworks/Accelerate.framework/Versions/A/Frameworks/vecLib.framework/Versions/A/libBLAS.dylib
0x00000001b097c000 	/System/Library/Frameworks/Accelerate.framework/Versions/A/Frameworks/vecLib.framework/Versions/A/libLAPACK.dylib
0x00000001afcfb000 	/System/Library/Frameworks/Accelerate.framework/Versions/A/Frameworks/vecLib.framework/Versions/A/libLinearAlgebra.dylib
0x00000001b088f000 	/System/Library/Frameworks/Accelerate.framework/Versions/A/Frameworks/vecLib.framework/Versions/A/libSparseBLAS.dylib
0x00000001b0977000 	/System/Library/Frameworks/Accelerate.framework/Versions/A/Frameworks/vecLib.framework/Versions/A/libQuadrature.dylib
0x00000001af28c000 	/System/Library/Frameworks/Accelerate.framework/Versions/A/Frameworks/vecLib.framework/Versions/A/libBNNS.dylib
0x00000001a5b47000 	/System/Library/Frameworks/Accelerate.framework/Versions/A/Frameworks/vecLib.framework/Versions/A/libSparse.dylib
0x000000021a056000 	/System/Library/PrivateFrameworks/MIL.framework/Versions/A/MIL
0x00000001b064c000 	/usr/lib/libiconv.2.dylib
0x00000001b05a0000 	/usr/lib/libcharset.1.dylib
0x00000001accee000 	/System/Library/Frameworks/OpenDirectory.framework/Versions/A/Frameworks/CFOpenDirectory.framework/Versions/A/CFOpenDirectory
0x00000001accde000 	/System/Library/Frameworks/OpenDirectory.framework/Versions/A/OpenDirectory
0x00000001b0ec2000 	/System/Library/PrivateFrameworks/APFS.framework/Versions/A/APFS
0x00000001afb9c000 	/System/Library/Frameworks/SecurityFoundation.framework/Versions/A/SecurityFoundation
0x00000001b0f37000 	/usr/lib/libutil.dylib
0x00000002190cb000 	/System/Library/PrivateFrameworks/InstalledContentLibrary.framework/Versions/A/InstalledContentLibrary
0x00000001a810a000 	/System/Library/PrivateFrameworks/CoreServicesStore.framework/Versions/A/CoreServicesStore
0x00000002100c6000 	/System/Library/PrivateFrameworks/AppleMobileFileIntegrity.framework/Versions/A/AppleMobileFileIntegrity
0x00000001c65f3000 	/usr/lib/libmis.dylib
0x00000001d4554000 	/System/Library/PrivateFrameworks/MobileSystemServices.framework/Versions/A/MobileSystemServices
0x00000001eed91000 	/System/Library/PrivateFrameworks/ConfigProfileHelper.framework/Versions/A/ConfigProfileHelper
0x00000001b0852000 	/System/Library/PrivateFrameworks/AppleSauce.framework/Versions/A/AppleSauce
0x00000001a691f000 	/System/Library/PrivateFrameworks/LanguageModeling.framework/Versions/A/LanguageModeling
0x00000001b0f3b000 	/usr/lib/libxslt.1.dylib
0x00000001b073f000 	/usr/lib/libcmph.dylib
0x00000001af953000 	/System/Library/PrivateFrameworks/CoreEmoji.framework/Versions/A/CoreEmoji
0x00000001af286000 	/System/Library/PrivateFrameworks/LinguisticData.framework/Versions/A/LinguisticData
0x00000001a5aff000 	/System/Library/PrivateFrameworks/Lexicon.framework/Versions/A/Lexicon
0x00000001afc2f000 	/System/Library/PrivateFrameworks/BackgroundTaskManagement.framework/Versions/A/BackgroundTaskManagement
0x000000022e456000 	/usr/lib/libTLE.dylib
0x000000022f203000 	/usr/lib/swift/libswift_RegexParser.dylib
0x00000001b1ba3000 	/System/Library/PrivateFrameworks/AppleJPEG.framework/Versions/A/AppleJPEG
0x00000001b12d8000 	/usr/lib/libexpat.1.dylib
0x00000001b2164000 	/System/Library/Frameworks/ImageIO.framework/Versions/A/Resources/libPng.dylib
0x00000001b218f000 	/System/Library/Frameworks/ImageIO.framework/Versions/A/Resources/libTIFF.dylib
0x00000001b2278000 	/System/Library/Frameworks/ImageIO.framework/Versions/A/Resources/libGIF.dylib
0x00000001b1be8000 	/System/Library/Frameworks/ImageIO.framework/Versions/A/Resources/libJP2.dylib
0x00000001b221c000 	/System/Library/Frameworks/ImageIO.framework/Versions/A/Resources/libJPEG.dylib
0x00000001b2213000 	/System/Library/Frameworks/ImageIO.framework/Versions/A/Resources/libRadiance.dylib
0x00000001ae56f000 	/System/Library/PrivateFrameworks/FontServices.framework/libFontParser.dylib
0x00000001ab322000 	/System/Library/PrivateFrameworks/RunningBoardServices.framework/Versions/A/RunningBoardServices
0x00000001bcb92000 	/System/Library/PrivateFrameworks/IOSurfaceAccelerator.framework/Versions/A/IOSurfaceAccelerator
0x00000001b1cda000 	/System/Library/PrivateFrameworks/WatchdogClient.framework/Versions/A/WatchdogClient
0x00000001a6a98000 	/System/Library/Frameworks/CoreDisplay.framework/Versions/A/CoreDisplay
0x00000001ae449000 	/System/Library/Frameworks/CoreMedia.framework/Versions/A/CoreMedia
0x00000001ae236000 	/System/Library/PrivateFrameworks/IOAccelerator.framework/Versions/A/IOAccelerator
0x00000001ace7f000 	/System/Library/Frameworks/CoreVideo.framework/Versions/A/CoreVideo
0x00000001b08a2000 	/System/Library/Frameworks/MetalPerformanceShaders.framework/Versions/A/MetalPerformanceShaders
0x00000001b1d19000 	/System/Library/Frameworks/VideoToolbox.framework/Versions/A/VideoToolbox
0x00000001ab265000 	/System/Library/PrivateFrameworks/BaseBoard.framework/Versions/A/BaseBoard
0x00000001b220e000 	/System/Library/PrivateFrameworks/GPUWrangler.framework/Versions/A/GPUWrangler
0x00000001b21ee000 	/System/Library/PrivateFrameworks/IOPresentment.framework/Versions/A/IOPresentment
0x00000001b2216000 	/System/Library/PrivateFrameworks/DSExternalDisplay.framework/Versions/A/DSExternalDisplay
0x0000000215874000 	/System/Library/PrivateFrameworks/GPUCompiler.framework/Versions/31001/Libraries/libllvm-flatbuffers.dylib
0x00000001f4492000 	/System/Library/Frameworks/OpenGL.framework/Versions/A/Libraries/libCoreFSCache.dylib
0x0000000215870000 	/System/Library/PrivateFrameworks/GPUCompiler.framework/Versions/31001/Libraries/libGPUCompilerUtils.dylib
0x00000001b227e000 	/System/Library/PrivateFrameworks/CMCaptureCore.framework/Versions/A/CMCaptureCore
0x000000020a1cf000 	/System/Library/Frameworks/ExtensionFoundation.framework/Versions/A/ExtensionFoundation
0x00000001b89b3000 	/System/Library/PrivateFrameworks/CoreTime.framework/Versions/A/CoreTime
0x00000001b1895000 	/System/Library/PrivateFrameworks/AppServerSupport.framework/Versions/A/AppServerSupport
0x00000001b3c19000 	/System/Library/PrivateFrameworks/perfdata.framework/Versions/A/perfdata
0x00000001a6bb8000 	/System/Library/PrivateFrameworks/AudioToolboxCore.framework/Versions/A/AudioToolboxCore
0x00000001ae41f000 	/System/Library/PrivateFrameworks/caulk.framework/Versions/A/caulk
0x00000001b34d6000 	/usr/lib/libAudioStatistics.dylib
0x00000001c5a19000 	/System/Library/PrivateFrameworks/SystemPolicy.framework/Versions/A/SystemPolicy
0x00000001b3778000 	/usr/lib/libSMC.dylib
0x00000001bc335000 	/System/Library/Frameworks/CoreMIDI.framework/Versions/A/CoreMIDI
0x00000001b2131000 	/usr/lib/libAudioToolboxUtility.dylib
0x00000001c178c000 	/System/Library/PrivateFrameworks/OSAServicesClient.framework/Versions/A/OSAServicesClient
0x00000001b3c26000 	/usr/lib/libperfcheck.dylib
0x00000001b11c3000 	/System/Library/PrivateFrameworks/PlugInKit.framework/Versions/A/PlugInKit
0x00000001afb8e000 	/System/Library/PrivateFrameworks/AssertionServices.framework/Versions/A/AssertionServices
0x00000001f44f4000 	/System/Library/Frameworks/OpenGL.framework/Versions/A/Libraries/libGLU.dylib
0x00000001f44b3000 	/System/Library/Frameworks/OpenGL.framework/Versions/A/Libraries/libGFXShared.dylib
0x00000001f469a000 	/System/Library/Frameworks/OpenGL.framework/Versions/A/Libraries/libGL.dylib
0x00000001f44bc000 	/System/Library/Frameworks/OpenGL.framework/Versions/A/Libraries/libGLImage.dylib
0x00000001f44b0000 	/System/Library/Frameworks/OpenGL.framework/Versions/A/Libraries/libCVMSPluginSupport.dylib
0x000000022e435000 	/usr/lib/libRosetta.dylib
0x00000001f4499000 	/System/Library/Frameworks/OpenGL.framework/Versions/A/Libraries/libCoreVMClient.dylib
0x00000001af104000 	/System/Library/Frameworks/MetalPerformanceShaders.framework/Versions/A/Frameworks/MPSCore.framework/Versions/A/MPSCore
0x00000001b01f8000 	/System/Library/Frameworks/MetalPerformanceShaders.framework/Versions/A/Frameworks/MPSImage.framework/Versions/A/MPSImage
0x00000001afd10000 	/System/Library/Frameworks/MetalPerformanceShaders.framework/Versions/A/Frameworks/MPSNeuralNetwork.framework/Versions/A/MPSNeuralNetwork
0x00000001b00fc000 	/System/Library/Frameworks/MetalPerformanceShaders.framework/Versions/A/Frameworks/MPSMatrix.framework/Versions/A/MPSMatrix
0x00000001aff0e000 	/System/Library/Frameworks/MetalPerformanceShaders.framework/Versions/A/Frameworks/MPSRayIntersector.framework/Versions/A/MPSRayIntersector
0x00000001b012b000 	/System/Library/Frameworks/MetalPerformanceShaders.framework/Versions/A/Frameworks/MPSNDArray.framework/Versions/A/MPSNDArray
0x000000020b59d000 	/System/Library/Frameworks/MetalPerformanceShaders.framework/Versions/A/Frameworks/MPSFunctions.framework/Versions/A/MPSFunctions
0x00000001a570a000 	/System/Library/PrivateFrameworks/MetalTools.framework/Versions/A/MetalTools
0x00000001af18a000 	/System/Library/PrivateFrameworks/AggregateDictionary.framework/Versions/A/AggregateDictionary
0x00000001b107c000 	/usr/lib/libIOReport.dylib
0x00000001bb522000 	/System/Library/PrivateFrameworks/ASEProcessing.framework/Versions/A/ASEProcessing
0x00000001b1433000 	/System/Library/PrivateFrameworks/GraphVisualizer.framework/Versions/A/GraphVisualizer
0x0000000215791000 	/System/Library/PrivateFrameworks/FontServices.framework/Versions/A/FontServices
0x00000001b1853000 	/System/Library/PrivateFrameworks/OTSVG.framework/Versions/A/OTSVG
0x00000001aca32000 	/System/Library/Frameworks/ApplicationServices.framework/Versions/A/Frameworks/ATS.framework/Versions/A/Resources/libFontRegistry.dylib
0x00000001b189f000 	/System/Library/PrivateFrameworks/FontServices.framework/libhvf.dylib
0x0000000215792000 	/System/Library/PrivateFrameworks/FontServices.framework/libXTFontStaticRegistryData.dylib
0x000000022762e000 	/System/Library/PrivateFrameworks/VideoToolboxParavirtualizationSupport.framework/Versions/A/VideoToolboxParavirtualizationSupport
0x00000001b128c000 	/System/Library/PrivateFrameworks/AppleVA.framework/Versions/A/AppleVA
0x00000001b3516000 	/System/Library/Frameworks/ApplicationServices.framework/Versions/A/Frameworks/ATS.framework/Versions/A/ATS
0x00000001aa7b4000 	/System/Library/Frameworks/ApplicationServices.framework/Versions/A/Frameworks/HIServices.framework/Versions/A/HIServices
0x00000001b228a000 	/System/Library/Frameworks/ApplicationServices.framework/Versions/A/Frameworks/PrintCore.framework/Versions/A/PrintCore
0x00000001b38d1000 	/System/Library/Frameworks/ApplicationServices.framework/Versions/A/Frameworks/QD.framework/Versions/A/QD
0x00000001b38c5000 	/System/Library/Frameworks/ApplicationServices.framework/Versions/A/Frameworks/ColorSyncLegacy.framework/Versions/A/ColorSyncLegacy
0x00000001b34ea000 	/System/Library/Frameworks/ApplicationServices.framework/Versions/A/Frameworks/SpeechSynthesis.framework/Versions/A/SpeechSynthesis
0x00000001b2248000 	/System/Library/Frameworks/ApplicationServices.framework/Versions/A/Frameworks/ATSUI.framework/Versions/A/ATSUI
0x00000001b3858000 	/usr/lib/libcups.2.dylib
0x00000001b3c34000 	/System/Library/Frameworks/Kerberos.framework/Versions/A/Kerberos
0x00000001b3c45000 	/System/Library/Frameworks/GSS.framework/Versions/A/GSS
0x00000001b3588000 	/usr/lib/libresolv.9.dylib
0x00000001b18af000 	/System/Library/PrivateFrameworks/Heimdal.framework/Versions/A/Heimdal
0x00000001ba5e0000 	/System/Library/Frameworks/Kerberos.framework/Versions/A/Libraries/libHeimdalProxy.dylib
0x00000001b3c95000 	/System/Library/PrivateFrameworks/CommonAuth.framework/Versions/A/CommonAuth
0x0000000209409000 	/System/Library/Frameworks/AVFAudio.framework/Versions/A/AVFAudio
0x00000001c17db000 	/System/Library/PrivateFrameworks/AXCoreUtilities.framework/Versions/A/AXCoreUtilities
0x00000001b3462000 	/System/Library/PrivateFrameworks/AudioSession.framework/Versions/A/AudioSession
0x00000001b49fd000 	/System/Library/Frameworks/IOBluetooth.framework/Versions/A/IOBluetooth
0x00000001b138d000 	/System/Library/PrivateFrameworks/MediaExperience.framework/Versions/A/MediaExperience
0x00000001b32fd000 	/System/Library/PrivateFrameworks/AudioSession.framework/libSessionUtility.dylib
0x00000001b38dd000 	/System/Library/PrivateFrameworks/AudioResourceArbitration.framework/Versions/A/AudioResourceArbitration
0x00000001b78e2000 	/System/Library/PrivateFrameworks/PowerLog.framework/Versions/A/PowerLog
0x00000001b7824000 	/System/Library/Frameworks/CoreBluetooth.framework/Versions/A/CoreBluetooth
0x00000001ba5e1000 	/System/Library/Frameworks/AudioUnit.framework/Versions/A/AudioUnit
0x00000001af9f1000 	/System/Library/PrivateFrameworks/CoreUtils.framework/Versions/A/CoreUtils
0x0000000214192000 	/System/Library/PrivateFrameworks/CoreUtilsExtras.framework/Versions/A/CoreUtilsExtras
0x0000000218f65000 	/System/Library/PrivateFrameworks/IO80211.framework/Versions/A/IO80211
0x00000001b12fd000 	/System/Library/PrivateFrameworks/IconFoundation.framework/Versions/A/IconFoundation
0x00000001b68f8000 	/System/Library/PrivateFrameworks/SpeechRecognitionCore.framework/Versions/A/SpeechRecognitionCore
0x00000001053b4000 	/Library/Java/JavaVirtualMachines/jdk-17.jdk/Contents/Home/lib/server/libjvm.dylib
0x0000000104414000 	/Library/Java/JavaVirtualMachines/jdk-17.jdk/Contents/Home/lib/libjimage.dylib
0x00000001044c4000 	/Library/Java/JavaVirtualMachines/jdk-17.jdk/Contents/Home/lib/libinstrument.dylib
0x0000000104510000 	/Library/Java/JavaVirtualMachines/jdk-17.jdk/Contents/Home/lib/libjava.dylib
0x000000010464c000 	/private/var/folders/mm/b0d0bdss4mb5lpjs6tg1cwf00000gn/T/libasyncProfiler.so
0x00000001050d8000 	/Library/Java/JavaVirtualMachines/jdk-17.jdk/Contents/Home/lib/libzip.dylib
0x0000000105100000 	/Library/Java/JavaVirtualMachines/jdk-17.jdk/Contents/Home/lib/libnio.dylib
0x0000000105120000 	/Library/Java/JavaVirtualMachines/jdk-17.jdk/Contents/Home/lib/libnet.dylib
0x00000001044f0000 	/Library/Java/JavaVirtualMachines/jdk-17.jdk/Contents/Home/lib/libextnet.dylib
0x0000000105158000 	/Library/Java/JavaVirtualMachines/jdk-17.jdk/Contents/Home/lib/libmanagement.dylib
0x000000010516c000 	/Library/Java/JavaVirtualMachines/jdk-17.jdk/Contents/Home/lib/libmanagement_ext.dylib


VM Arguments:
jvm_args: -XX:TieredStopAtLevel=1 -Dspring.output.ansi.enabled=always -Dcom.sun.management.jmxremote -Dspring.jmx.enabled=true -Dspring.liveBeansView.mbeanDomain -Dspring.application.admin.enabled=true -Dmanagement.endpoints.jmx.exposure.include=* -javaagent:/Applications/IntelliJ IDEA.app/Contents/lib/idea_rt.jar=51895:/Applications/IntelliJ IDEA.app/Contents/bin -agentpath:/private/var/folders/mm/b0d0bdss4mb5lpjs6tg1cwf00000gn/T/libasyncProfiler.so=start,jfr,event=cpu,interval=10ms,jfrsync=profile,cstack=no,file=/Users/yerong/IdeaSnapshots/JpashopApplication_2023_08_21_152515.jfr,log=/private/var/folders/mm/b0d0bdss4mb5lpjs6tg1cwf00000gn/T/JpashopApplication_2023_08_21_152515.jfr.log.txt,logLevel=DEBUG -Dfile.encoding=UTF-8 
java_command: jpabook.jpashop.JpashopApplication
java_class_path (initial): /Users/yerong/study/spring/jpashop/out/production/classes:/Users/yerong/study/spring/jpashop/out/production/resources:/Users/yerong/.gradle/caches/modules-2/files-2.1/org.projectlombok/lombok/1.18.28/a2ff5da8bcd8b1b26f36b806ced63213362c6dcc/lombok-1.18.28.jar:/Users/yerong/.gradle/caches/modules-2/files-2.1/org.springframework.boot/spring-boot-starter-data-jpa/3.1.2/a37d54373b11d2de70dfb8bcd6612dc63787f4a8/spring-boot-starter-data-jpa-3.1.2.jar:/Users/yerong/.gradle/caches/modules-2/files-2.1/org.springframework.boot/spring-boot-starter-thymeleaf/3.1.2/177cb8b744ae3556d79e01121e3d1b34b29c0178/spring-boot-starter-thymeleaf-3.1.2.jar:/Users/yerong/.gradle/caches/modules-2/files-2.1/org.springframework.boot/spring-boot-starter-validation/3.1.2/1e2f4bdd1913af954d3a929e692807cb3a19b0b4/spring-boot-starter-validation-3.1.2.jar:/Users/yerong/.gradle/caches/modules-2/files-2.1/org.springframework.boot/spring-boot-starter-web/3.1.2/30b824817e764a5a5a1e9fb46e7ace40bcfa3185/spring-boot-starter-web-3.1.2.jar:/Users/yerong/.gradle/caches/modules-2/files-2.1/org.springframework.boot/spring-boot-devtools/3.1.2/e01d700e98cf7393c80efc44357416ba90c56332/spring-boot-devtools-3.1.2.jar:/Users/yerong/.gradle/caches/modules-2/files-2.1/com.github.gavlyukovskiy/p6spy-spring-boot-starter/1.9.0/b51740224ed4f0cdca7ba93fe9167e7b97064f41/p6spy-spring-boot-starter-1.9.0.jar:/Users/yerong/.gradle/caches/modules-2/files-2.1/org.springframework.boot/spring-boot-starter-aop/3.1.2/e882bf8c8853807a8e69cce9465ec12233fb5437/spring-boot-starter-aop-3.1.2.jar:/Users/yerong/.gradle/caches/modules-2/files-2.1/org.springframework.boot/spring-boot-starter-jdbc/3.1.2/e864f6a34d620e7e698c115881ea23b08f7125e9/spring-boot-starter-jdbc-3.1.2.jar:/Users/yerong/.gradle/caches/modules-2/files-2.1/org.hibernate.orm/hibernate-core/6.2.6.Final/9c4586a4a2dc721439ee454d5c858c1235b6ecba/hibernate-core-6.2.6.Final.jar:/Users/yerong/.gradle/caches/modules-2/files-2.1/org.springframework.data/spr
Launcher Type: SUN_STANDARD

[Global flags]
     intx CICompilerCount                          = 4                                         {product} {ergonomic}
     uint ConcGCThreads                            = 2                                         {product} {ergonomic}
     bool FlightRecorder                           = true                                      {product} {management}
     uint G1ConcRefinementThreads                  = 8                                         {product} {ergonomic}
   size_t G1HeapRegionSize                         = 1048576                                   {product} {ergonomic}
    uintx GCDrainStackTargetSize                   = 64                                        {product} {ergonomic}
   size_t InitialHeapSize                          = 134217728                                 {product} {ergonomic}
     bool ManagementServer                         = true                                      {product} {command line}
   size_t MarkStackSize                            = 4194304                                   {product} {ergonomic}
   size_t MaxHeapSize                              = 2147483648                                {product} {ergonomic}
   size_t MaxNewSize                               = 1287651328                                {product} {ergonomic}
   size_t MinHeapDeltaBytes                        = 1048576                                   {product} {ergonomic}
   size_t MinHeapSize                              = 8388608                                   {product} {ergonomic}
    uintx NonProfiledCodeHeapSize                  = 0                                      {pd product} {ergonomic}
     bool ProfileInterpreter                       = false                                  {pd product} {command line}
    uintx ProfiledCodeHeapSize                     = 0                                      {pd product} {ergonomic}
   size_t SoftMaxHeapSize                          = 2147483648                             {manageable} {ergonomic}
     intx TieredStopAtLevel                        = 1                                         {product} {command line}
     bool UseCompressedClassPointers               = true                           {product lp64_product} {ergonomic}
     bool UseCompressedOops                        = true                           {product lp64_product} {ergonomic}
     bool UseG1GC                                  = true                                      {product} {ergonomic}
     bool UseNUMA                                  = false                                     {product} {ergonomic}
     bool UseNUMAInterleaving                      = false                                     {product} {ergonomic}

Logging:
Log output configuration:
 #0: stdout all=warning,jni+resolve=error uptime,level,tags (reconfigured)
 #1: stderr all=off uptime,level,tags

Environment Variables:
PATH=/Library/Frameworks/Python.framework/Versions/3.11/bin:/usr/local/bin:/System/Cryptexes/App/usr/bin:/usr/bin:/bin:/usr/sbin:/sbin:/usr/local/share/dotnet:~/.dotnet/tools
SHELL=/bin/zsh
LC_CTYPE=ko_KR.UTF-8

Signal Handlers:
   SIGSEGV: crash_handler in libjvm.dylib, mask=11100110000111110111111111111111, flags=SA_RESTART|SA_SIGINFO
    SIGBUS: crash_handler in libjvm.dylib, mask=11100110000111110111111111111111, flags=SA_RESTART|SA_SIGINFO
    SIGFPE: crash_handler in libjvm.dylib, mask=11100110000111110111111111111111, flags=SA_RESTART|SA_SIGINFO
   SIGPIPE: javaSignalHandler in libjvm.dylib, mask=11100110000111110111111111111111, flags=SA_RESTART|SA_SIGINFO
   SIGXFSZ: javaSignalHandler in libjvm.dylib, mask=11100110000111110111111111111111, flags=SA_RESTART|SA_SIGINFO
    SIGILL: crash_handler in libjvm.dylib, mask=11100110000111110111111111111111, flags=SA_RESTART|SA_SIGINFO
   SIGUSR2: SR_handler in libjvm.dylib, mask=00100000000000000000000000000000, flags=SA_RESTART|SA_SIGINFO
    SIGHUP: UserHandler in libjvm.dylib, mask=11100110000111110111111111111111, flags=SA_RESTART|SA_SIGINFO
    SIGINT: UserHandler in libjvm.dylib, mask=11100110000111110111111111111111, flags=SA_RESTART|SA_SIGINFO
   SIGTERM: UserHandler in libjvm.dylib, mask=11100110000111110111111111111111, flags=SA_RESTART|SA_SIGINFO
   SIGQUIT: UserHandler in libjvm.dylib, mask=11100110000111110111111111111111, flags=SA_RESTART|SA_SIGINFO
   SIGTRAP: crash_handler in libjvm.dylib, mask=11100110000111110111111111111111, flags=SA_RESTART|SA_SIGINFO


---------------  S Y S T E M  ---------------

OS:
uname: Darwin 22.3.0 Darwin Kernel Version 22.3.0: Mon Jan 30 20:39:35 PST 2023; root:xnu-8792.81.3~2/RELEASE_ARM64_T8103 arm64
OS uptime: 1 days 1:13 hours
rlimit (soft/hard): STACK 8176k/65520k , CORE 0k/infinity , NPROC 1333/2000 , NOFILE 10240/infinity , AS infinity/infinity , CPU infinity/infinity , DATA infinity/infinity , FSIZE infinity/infinity , MEMLOCK infinity/infinity , RSS infinity/infinity
load average: 2.87 1.88 2.05

CPU: total 8 (initial active 8) 0x61:0x0:0x1b588bb3:0, fp, simd, crc, lse

Memory: 16k page, physical 8388608k(99600k free), swap 2097152k(1146624k free)

vm_info: Java HotSpot(TM) 64-Bit Server VM (17.0.7+8-LTS-224) for bsd-aarch64 JRE (17.0.7+8-LTS-224), built on Feb 28 2023 22:59:37 by "mach5one" with clang Apple LLVM 12.0.0 (clang-1200.0.32.29)

END.
